--Start global optimization Genetic_algorithm--
Generation #0.
Current generation of solutions:
N	Value of fitness function	Solution
0	-77768.931082	(N_Anc=47365.81402,	N_1F=20307.35182,	r_2=-3.55e-04,	nu_2F_gen=3.2449,	Tp=3817.90392,	T=6939.8001)	r
1	-77813.997262	(N_Anc=430.43898,	N_1F=12398.43543,	r_2=-3.14e-04,	nu_2F_gen=1.29492,	Tp=184814.00628,	T=582.18477)	r
2	-79315.309300	(N_Anc=882.39218,	N_1F=26222.70192,	r_2=-4.16e-04,	nu_2F_gen=0.19038,	Tp=127064.42348,	T=259.55944)	r
3	-79750.017217	(N_Anc=3552.43666,	N_1F=6370.74239,	r_2=0.00057,	nu_2F_gen=1.3949,	Tp=206586.84964,	T=2538.45756)	r
4	-81555.957580	(N_Anc=530.59288,	N_1F=2173.10407,	r_2=0.00054,	nu_2F_gen=2.39085,	Tp=71711.78187,	T=733.47411)	r
5	-82899.083575	(N_Anc=6773.70343,	N_1F=1444.12119,	r_2=-6.83e-04,	nu_2F_gen=0.15151,	Tp=66776.54334,	T=570.44526)	r
6	-83280.047726	(N_Anc=131382.57236,	N_1F=3764.11316,	r_2=7e-05,	nu_2F_gen=0.81489,	Tp=415.91435,	T=17.84736)	r
7	-83564.495115	(N_Anc=927717.44301,	N_1F=4449.9265,	r_2=-4.32e-04,	nu_2F_gen=0.07316,	Tp=175176.11418,	T=1754.71499)	r
8	-83564.521327	(N_Anc=729.02272,	N_1F=44545.19971,	r_2=-4.08e-04,	nu_2F_gen=0.61156,	Tp=60201.41665,	T=1445.38943)	r
9	-83959.398899	(N_Anc=26528.75994,	N_1F=4004.70291,	r_2=4e-05,	nu_2F_gen=0.70667,	Tp=462.03455,	T=5545.51522)	r
10	-84075.055706	(N_Anc=16579.12701,	N_1F=6914.62949,	r_2=0.00058,	nu_2F_gen=0.21924,	Tp=3548.85592,	T=183.88481)	r
11	-84157.768224	(N_Anc=13384.3702,	N_1F=204898.21083,	r_2=-5.26e-04,	nu_2F_gen=0.92977,	Tp=647.75415,	T=523.36746)	r
12	-84933.474930	(N_Anc=1141.27178,	N_1F=39806.81553,	r_2=-9.98e-04,	nu_2F_gen=2.08937,	Tp=5607.53525,	T=1788.29644)	r
13	-85214.268958	(N_Anc=22443.53179,	N_1F=50606.96606,	r_2=-4.30e-04,	nu_2F_gen=1.93459,	Tp=745.88657,	T=255.43095)	r
14	-85303.573813	(N_Anc=4687.83821,	N_1F=69861.94168,	r_2=-6.57e-04,	nu_2F_gen=1.01726,	Tp=533.10372,	T=352.02874)	r
15	-85412.393611	(N_Anc=22169.15569,	N_1F=531560.68308,	r_2=0.00095,	nu_2F_gen=2.34933,	Tp=82921.78213,	T=886.65602)	r
16	-85646.794914	(N_Anc=24050.23714,	N_1F=11044.95691,	r_2=0.00087,	nu_2F_gen=9.00677,	Tp=82.96324,	T=96.93697)	r
17	-86306.969166	(N_Anc=7180.53106,	N_1F=64958.52819,	r_2=-7.41e-04,	nu_2F_gen=1.41648,	Tp=24527.27529,	T=248.3406)	r
18	-86825.694482	(N_Anc=1395.85039,	N_1F=8584.66865,	r_2=0.00014,	nu_2F_gen=2.39803,	Tp=5338.65348,	T=200.7929)	r
19	-88060.115905	(N_Anc=44447.10078,	N_1F=2461.77187,	r_2=0.00025,	nu_2F_gen=2.85557,	Tp=18498.4555,	T=2538.83316)	r
20	-90783.415781	(N_Anc=27302.05473,	N_1F=1302.69525,	r_2=-8.26e-04,	nu_2F_gen=0.42665,	Tp=548.12599,	T=2073.93398)	r
21	-91013.045314	(N_Anc=17335.99444,	N_1F=1522.82363,	r_2=0.00017,	nu_2F_gen=1.02395,	Tp=5160.98827,	T=80.97219)	r
22	-91344.931972	(N_Anc=2291.1748,	N_1F=4189.91832,	r_2=-2.38e-04,	nu_2F_gen=0.47337,	Tp=127526.75055,	T=6042.17216)	r
23	-91890.069602	(N_Anc=1723.25263,	N_1F=12463.15384,	r_2=4.44e-06,	nu_2F_gen=0.46283,	Tp=7118.71139,	T=3227.95441)	r
24	-91893.597587	(N_Anc=2341.17375,	N_1F=394811.61966,	r_2=0.00025,	nu_2F_gen=0.3845,	Tp=727.24136,	T=2157.0777)	r
25	-92667.306166	(N_Anc=10947.73467,	N_1F=56520.69596,	r_2=-4.56e-04,	nu_2F_gen=0.39105,	Tp=2056.99602,	T=151785.29758)	r
26	-96373.555479	(N_Anc=5342.02079,	N_1F=12105.13608,	r_2=-1.25e-05,	nu_2F_gen=5.49971,	Tp=508.10245,	T=37469.19717)	r
27	-97994.257729	(N_Anc=6450.74735,	N_1F=672.83157,	r_2=0.00031,	nu_2F_gen=0.11417,	Tp=1307.25604,	T=1723.5707)	r
28	-98017.881009	(N_Anc=1981.39238,	N_1F=1163.08632,	r_2=0.00023,	nu_2F_gen=0.86085,	Tp=6104.51291,	T=2848.47423)	r
29	-98809.737464	(N_Anc=6912.93352,	N_1F=1064.15531,	r_2=0.00035,	nu_2F_gen=6.33249,	Tp=236.63868,	T=3497.26134)	r
30	-99782.207049	(N_Anc=1337.75783,	N_1F=627896.30915,	r_2=-9.90e-04,	nu_2F_gen=0.85957,	Tp=16.25396,	T=401873.36184)	r
31	-106784.791602	(N_Anc=461.76546,	N_1F=81703.52796,	r_2=0.00022,	nu_2F_gen=0.6462,	Tp=26019.98864,	T=1521.6675)	r
32	-115899.798619	(N_Anc=28183.50046,	N_1F=11532.15482,	r_2=0.00023,	nu_2F_gen=0.09043,	Tp=10053.37564,	T=9447.72688)	r
33	-116526.507654	(N_Anc=50285.36999,	N_1F=451.83881,	r_2=-3.38e-04,	nu_2F_gen=7.81143,	Tp=385.3676,	T=2689.40432)	r
34	-123263.971558	(N_Anc=64229.94176,	N_1F=1290.5325,	r_2=-1.18e-04,	nu_2F_gen=0.07895,	Tp=180862.11507,	T=11510.05764)	r
35	-129615.081083	(N_Anc=190549.20047,	N_1F=2853.15444,	r_2=0.0009,	nu_2F_gen=1.59462,	Tp=23790.49219,	T=9080.14589)	r
36	-181109.371186	(N_Anc=1268062.00435,	N_1F=1341.71438,	r_2=-6.83e-04,	nu_2F_gen=1.65551,	Tp=54.50382,	T=29912.15212)	r
37	-261539.769540	(N_Anc=4183.94125,	N_1F=710798.20292,	r_2=8e-05,	nu_2F_gen=0.03216,	Tp=593964.56785,	T=6239.38383)	r
38	-455846.615799	(N_Anc=54525.07763,	N_1F=126.12665,	r_2=0.00064,	nu_2F_gen=0.36601,	Tp=158102.58572,	T=9663.05839)	r
39	-522946.424001	(N_Anc=17742.74757,	N_1F=327.89595,	r_2=0.0002,	nu_2F_gen=0.0213,	Tp=183157.15546,	T=11338.80843)	r
40	-1132614.428749	(N_Anc=2234.02824,	N_1F=423.38847,	r_2=0.00043,	nu_2F_gen=0.59003,	Tp=5643.00505,	T=12307.79996)	r
41	-1138407.491540	(N_Anc=3078.83925,	N_1F=486.65876,	r_2=0.00048,	nu_2F_gen=1.79867,	Tp=236859.3935,	T=14151.0789)	r
42	-1331785.495820	(N_Anc=749055.78641,	N_1F=237367.92492,	r_2=0.00071,	nu_2F_gen=0.31233,	Tp=211.12322,	T=189397.0141)	r
43	-1334414.612766	(N_Anc=6126.63397,	N_1F=1038372.94517,	r_2=0.00022,	nu_2F_gen=0.34824,	Tp=5891.18604,	T=38266.33335)	r
44	-1335053.249536	(N_Anc=1489.4004,	N_1F=3662251.52513,	r_2=0.00085,	nu_2F_gen=17.90399,	Tp=46308.43256,	T=370900.50339)	r
45	-1344302.174555	(N_Anc=370983.73777,	N_1F=4334.43543,	r_2=0.00054,	nu_2F_gen=0.66752,	Tp=10358.14385,	T=29385.07728)	r
46	-1347958.377235	(N_Anc=195.9993,	N_1F=10564.62368,	r_2=0.00024,	nu_2F_gen=0.38914,	Tp=749.10117,	T=58266.86817)	r
47	-1349034.419247	(N_Anc=135.91433,	N_1F=16868.47529,	r_2=0.00085,	nu_2F_gen=0.38463,	Tp=611.79896,	T=74768.50408)	r
48	-1444317.927564	(N_Anc=4447.72821,	N_1F=418.9433,	r_2=-2.14e-04,	nu_2F_gen=1.23468,	Tp=19732.64489,	T=188191.72385)	r
49	-1496601.245827	(N_Anc=1598.46653,	N_1F=173.47005,	r_2=4e-05,	nu_2F_gen=0.63768,	Tp=296.39353,	T=2649437.08343)	r
Current mean mutation rate:	 0.453272
Current mean number of params to change during mutation:	  3

--Best solution by value of fitness function--
Value of fitness: -77768.93108188696
Solution:		(N_Anc=47365.81402,	N_1F=20307.35182,	r_2=-3.55e-04,	nu_2F_gen=3.2449,	Tp=3817.90392,	T=6939.8001)	r

Mean time:	nan sec.



Generation #1.
Current generation of solutions:
N	Value of fitness function	Solution
0	-75766.015629	(N_Anc=664.14383,	N_1F=19860.50653,	r_2=-3.14e-04,	nu_2F_gen=1.29492,	Tp=289594.83545,	T=582.18477)	mmm
1	-77768.931082	(N_Anc=47365.81402,	N_1F=20307.35182,	r_2=-3.55e-04,	nu_2F_gen=3.2449,	Tp=3817.90392,	T=6939.8001)	r
2	-77813.997262	(N_Anc=430.43898,	N_1F=12398.43543,	r_2=-3.14e-04,	nu_2F_gen=1.29492,	Tp=184814.00628,	T=582.18477)	r
3	-81120.949324	(N_Anc=6773.70343,	N_1F=2176.67365,	r_2=-6.83e-04,	nu_2F_gen=0.15151,	Tp=66776.54334,	T=570.44526)	m
4	-82199.501558	(N_Anc=131382.57236,	N_1F=3764.11316,	r_2=9e-05,	nu_2F_gen=0.81489,	Tp=176.59443,	T=14.69444)	mmm
5	-83911.546857	(N_Anc=3151.77516,	N_1F=2000.92198,	r_2=-1.00e-03,	nu_2F_gen=0.15151,	Tp=20720.97516,	T=942.40851)	mmmmm
6	-84806.246296	(N_Anc=131382.57236,	N_1F=2877.91002,	r_2=2e-05,	nu_2F_gen=0.56383,	Tp=622.47753,	T=17.84736)	mmmm
7	-90535.747630	(N_Anc=3552.43666,	N_1F=3764.11316,	r_2=0.00057,	nu_2F_gen=0.81489,	Tp=206586.84964,	T=17.84736)	c
8	-131415.415017	(N_Anc=1306.87278,	N_1F=320152.12728,	r_2=0.00024,	nu_2F_gen=0.06683,	Tp=2563.8223,	T=1008.23108)	r
Current mean mutation rate:	 0.451034
Current mean number of params to change during mutation:	  3

--Best solution by value of fitness function--
Value of fitness: -75766.01562864949
Solution:		(N_Anc=664.14383,	N_1F=19860.50653,	r_2=-3.14e-04,	nu_2F_gen=1.29492,	Tp=289594.83545,	T=582.18477)	mmm

Mean time:	4.022 sec.



Generation #2.
Current generation of solutions:
N	Value of fitness function	Solution
0	-75766.015629	(N_Anc=664.14383,	N_1F=19860.50653,	r_2=-3.14e-04,	nu_2F_gen=1.29492,	Tp=289594.83545,	T=582.18477)	mmm
1	-76294.266032	(N_Anc=520.59695,	N_1F=14706.72496,	r_2=-3.14e-04,	nu_2F_gen=2.08213,	Tp=299547.37281,	T=858.63194)	mmmmm
2	-77768.931082	(N_Anc=47365.81402,	N_1F=20307.35182,	r_2=-3.55e-04,	nu_2F_gen=3.2449,	Tp=3817.90392,	T=6939.8001)	r
3	-79391.910563	(N_Anc=524.57138,	N_1F=6626.89901,	r_2=-3.14e-04,	nu_2F_gen=1.93565,	Tp=184814.00628,	T=275.54554)	mmmm
4	-81745.435579	(N_Anc=3151.77516,	N_1F=2000.92198,	r_2=-6.69e-04,	nu_2F_gen=0.23821,	Tp=20720.97516,	T=652.62223)	mmm
5	-81868.555175	(N_Anc=131382.57236,	N_1F=5858.40401,	r_2=5e-05,	nu_2F_gen=0.81489,	Tp=176.59443,	T=21.85262)	mmm
6	-84055.537421	(N_Anc=178767.93078,	N_1F=2877.91002,	r_2=2e-05,	nu_2F_gen=0.56383,	Tp=622.47753,	T=17.84736)	m
7	-89103.763740	(N_Anc=430.43898,	N_1F=12398.43543,	r_2=-3.14e-04,	nu_2F_gen=1.29492,	Tp=2563.8223,	T=1008.23108)	c
8	-1334965.489609	(N_Anc=34202.33236,	N_1F=5795.47311,	r_2=0.00085,	nu_2F_gen=11.38245,	Tp=167.61872,	T=15424.94227)	r
Current mean mutation rate:	 0.448806
Current mean number of params to change during mutation:	  3

--Best solution by value of fitness function--
Value of fitness: -75766.01562864949
Solution:		(N_Anc=664.14383,	N_1F=19860.50653,	r_2=-3.14e-04,	nu_2F_gen=1.29492,	Tp=289594.83545,	T=582.18477)	mmm

Mean time:	4.019 sec.



Generation #3.
Current generation of solutions:
N	Value of fitness function	Solution
0	-75259.732360	(N_Anc=664.14383,	N_1F=24750.15351,	r_2=-1.13e-04,	nu_2F_gen=1.29492,	Tp=359167.40822,	T=461.00587)	mmmm
1	-75766.015629	(N_Anc=664.14383,	N_1F=19860.50653,	r_2=-3.14e-04,	nu_2F_gen=1.29492,	Tp=289594.83545,	T=582.18477)	mmm
2	-76294.266032	(N_Anc=520.59695,	N_1F=14706.72496,	r_2=-3.14e-04,	nu_2F_gen=2.08213,	Tp=299547.37281,	T=858.63194)	mmmmm
3	-76586.948880	(N_Anc=884.09579,	N_1F=19860.50653,	r_2=-1.63e-04,	nu_2F_gen=0.84068,	Tp=289594.83545,	T=733.8325)	mmmm
4	-78499.233719	(N_Anc=430.43898,	N_1F=6626.89901,	r_2=-3.14e-04,	nu_2F_gen=1.29492,	Tp=184814.00628,	T=275.54554)	c
5	-78572.361496	(N_Anc=524.57138,	N_1F=9660.72321,	r_2=-5.25e-06,	nu_2F_gen=1.93565,	Tp=40700.50887,	T=275.54554)	mmm
6	-81805.159498	(N_Anc=111105.67942,	N_1F=5858.40401,	r_2=5e-05,	nu_2F_gen=0.81489,	Tp=74.13982,	T=37.27918)	mmm
7	-83065.710980	(N_Anc=43158.33412,	N_1F=8621.99817,	r_2=-1.69e-04,	nu_2F_gen=0.24014,	Tp=32062.19533,	T=496.89052)	r
8	-87008.277430	(N_Anc=627.04307,	N_1F=12398.43543,	r_2=-1.66e-04,	nu_2F_gen=0.94006,	Tp=3639.56315,	T=1008.23108)	mmmm
Current mean mutation rate:	 0.457782
Current mean number of params to change during mutation:	  3

--Best solution by value of fitness function--
Value of fitness: -75259.73235999857
Solution:		(N_Anc=664.14383,	N_1F=24750.15351,	r_2=-1.13e-04,	nu_2F_gen=1.29492,	Tp=359167.40822,	T=461.00587)	mmmm

Mean time:	4.122 sec.



Generation #4.
Current generation of solutions:
N	Value of fitness function	Solution
0	-75259.732360	(N_Anc=664.14383,	N_1F=24750.15351,	r_2=-1.13e-04,	nu_2F_gen=1.29492,	Tp=359167.40822,	T=461.00587)	mmmm
1	-75766.015629	(N_Anc=664.14383,	N_1F=19860.50653,	r_2=-3.14e-04,	nu_2F_gen=1.29492,	Tp=289594.83545,	T=582.18477)	mmm
2	-76396.199804	(N_Anc=664.14383,	N_1F=34603.64864,	r_2=-1.13e-04,	nu_2F_gen=0.63243,	Tp=167848.11819,	T=461.00587)	mmm
3	-76835.986473	(N_Anc=372.88008,	N_1F=14496.3207,	r_2=-2.50e-06,	nu_2F_gen=2.52804,	Tp=40700.50887,	T=444.02296)	mmmmm
4	-80832.052419	(N_Anc=29286.47658,	N_1F=9317.41559,	r_2=-2.67e-04,	nu_2F_gen=0.24014,	Tp=44489.19331,	T=679.88909)	mmmmm
5	-83065.710980	(N_Anc=43158.33412,	N_1F=8621.99817,	r_2=-1.69e-04,	nu_2F_gen=0.24014,	Tp=32062.19533,	T=496.89052)	c
6	-87281.239444	(N_Anc=627.04307,	N_1F=22391.91028,	r_2=-2.50e-04,	nu_2F_gen=0.94006,	Tp=6489.23319,	T=1008.23108)	mmm
7	-87710.677628	(N_Anc=627.04307,	N_1F=12398.43543,	r_2=-6.64e-05,	nu_2F_gen=1.41779,	Tp=4539.50801,	T=1855.77188)	mmmm
8	-1356069.947750	(N_Anc=802.99694,	N_1F=2327.4134,	r_2=0.00096,	nu_2F_gen=2.30067,	Tp=13055.85011,	T=84010.20971)	r
Current mean mutation rate:	 0.455522
Current mean number of params to change during mutation:	  3

--Best solution by value of fitness function--
Value of fitness: -75259.73235999857
Solution:		(N_Anc=664.14383,	N_1F=24750.15351,	r_2=-1.13e-04,	nu_2F_gen=1.29492,	Tp=359167.40822,	T=461.00587)	mmmm

Mean time:	4.013 sec.



Generation #5.
Current generation of solutions:
N	Value of fitness function	Solution
0	-75259.732360	(N_Anc=664.14383,	N_1F=24750.15351,	r_2=-1.13e-04,	nu_2F_gen=1.29492,	Tp=359167.40822,	T=461.00587)	mmmm
1	-75766.015629	(N_Anc=664.14383,	N_1F=19860.50653,	r_2=-3.14e-04,	nu_2F_gen=1.29492,	Tp=289594.83545,	T=582.18477)	mmm
2	-76347.066995	(N_Anc=1105.90441,	N_1F=18838.96586,	r_2=-1.13e-04,	nu_2F_gen=1.29492,	Tp=359167.40822,	T=461.00587)	mm
3	-76843.395848	(N_Anc=855.04819,	N_1F=17283.25758,	r_2=-1.13e-04,	nu_2F_gen=0.63243,	Tp=136544.49582,	T=461.00587)	mmm
4	-77320.203920	(N_Anc=543.23112,	N_1F=14496.3207,	r_2=-2.50e-06,	nu_2F_gen=1.99204,	Tp=27505.74788,	T=641.00813)	mmmm
5	-79139.504075	(N_Anc=838414.48621,	N_1F=23082.2346,	r_2=-3.57e-04,	nu_2F_gen=1.65831,	Tp=6373.72387,	T=11826.04148)	r
6	-81744.958223	(N_Anc=43158.33412,	N_1F=8621.99817,	r_2=-1.69e-04,	nu_2F_gen=0.24014,	Tp=44489.19331,	T=679.88909)	c
7	-83249.588492	(N_Anc=43158.33412,	N_1F=8621.99817,	r_2=-1.69e-04,	nu_2F_gen=0.24014,	Tp=23467.15571,	T=496.89052)	m
8	-87956.112339	(N_Anc=538.567,	N_1F=18959.30389,	r_2=-6.64e-05,	nu_2F_gen=0.94507,	Tp=7349.63981,	T=976.28801)	mmmmm
Current mean mutation rate:	 0.453272
Current mean number of params to change during mutation:	  3

--Best solution by value of fitness function--
Value of fitness: -75259.73235999857
Solution:		(N_Anc=664.14383,	N_1F=24750.15351,	r_2=-1.13e-04,	nu_2F_gen=1.29492,	Tp=359167.40822,	T=461.00587)	mmmm

Mean time:	3.982 sec.



Generation #6.
Current generation of solutions:
N	Value of fitness function	Solution
0	-75259.732360	(N_Anc=664.14383,	N_1F=24750.15351,	r_2=-1.13e-04,	nu_2F_gen=1.29492,	Tp=359167.40822,	T=461.00587)	mmmm
1	-75766.015629	(N_Anc=664.14383,	N_1F=19860.50653,	r_2=-3.14e-04,	nu_2F_gen=1.29492,	Tp=289594.83545,	T=582.18477)	mmm
2	-75986.775085	(N_Anc=1105.90441,	N_1F=22040.26919,	r_2=-1.13e-04,	nu_2F_gen=1.29492,	Tp=359167.40822,	T=461.00587)	m
3	-76539.638479	(N_Anc=1143.35697,	N_1F=19860.50653,	r_2=-3.14e-04,	nu_2F_gen=1.79829,	Tp=289594.83545,	T=582.18477)	mm
4	-76785.825936	(N_Anc=543.23112,	N_1F=21042.60381,	r_2=-2.50e-06,	nu_2F_gen=1.61723,	Tp=40575.70692,	T=641.00813)	mmm
5	-78768.399723	(N_Anc=43158.33412,	N_1F=14166.83675,	r_2=-2.30e-04,	nu_2F_gen=0.15413,	Tp=73106.00713,	T=946.4528)	mmmmm
6	-84147.147801	(N_Anc=43158.33412,	N_1F=8621.99817,	r_2=-1.69e-04,	nu_2F_gen=1.29492,	Tp=359167.40822,	T=679.88909)	c
7	-86585.920768	(N_Anc=847.76946,	N_1F=25294.05045,	r_2=-3.00e-05,	nu_2F_gen=0.94507,	Tp=7349.63981,	T=1302.85384)	mmmm
8	-186775.700464	(N_Anc=80834.76637,	N_1F=358.3281,	r_2=0.00065,	nu_2F_gen=0.42678,	Tp=78406.60359,	T=7527.39755)	r
Current mean mutation rate:	 0.451034
Current mean number of params to change during mutation:	  3

--Best solution by value of fitness function--
Value of fitness: -75259.73235999857
Solution:		(N_Anc=664.14383,	N_1F=24750.15351,	r_2=-1.13e-04,	nu_2F_gen=1.29492,	Tp=359167.40822,	T=461.00587)	mmmm

Mean time:	4.128 sec.



Generation #7.
Current generation of solutions:
N	Value of fitness function	Solution
0	-75259.732360	(N_Anc=664.14383,	N_1F=24750.15351,	r_2=-1.13e-04,	nu_2F_gen=1.29492,	Tp=359167.40822,	T=461.00587)	mmmm
1	-75684.476457	(N_Anc=664.14383,	N_1F=21042.60381,	r_2=-1.13e-04,	nu_2F_gen=1.61723,	Tp=359167.40822,	T=461.00587)	c
2	-75766.015629	(N_Anc=664.14383,	N_1F=19860.50653,	r_2=-3.14e-04,	nu_2F_gen=1.29492,	Tp=289594.83545,	T=582.18477)	mmm
3	-76518.740199	(N_Anc=543.23112,	N_1F=18955.24227,	r_2=-4.22e-06,	nu_2F_gen=1.91245,	Tp=40575.70692,	T=641.00813)	mmm
4	-77099.240234	(N_Anc=953.93235,	N_1F=16177.16032,	r_2=-4.50e-04,	nu_2F_gen=0.80685,	Tp=96954.03526,	T=939.76931)	mmmmmm
5	-82497.155437	(N_Anc=43158.33412,	N_1F=8621.99817,	r_2=-2.60e-04,	nu_2F_gen=1.02378,	Tp=542392.52154,	T=1108.6662)	mmmm
6	-84347.286020	(N_Anc=51414.25425,	N_1F=8621.99817,	r_2=-1.69e-04,	nu_2F_gen=1.5957,	Tp=359167.40822,	T=679.88909)	mm
7	-85985.136911	(N_Anc=847.76946,	N_1F=25294.05045,	r_2=-4.46e-05,	nu_2F_gen=0.94507,	Tp=2118.99047,	T=622.87486)	mmm
8	-1337381.147759	(N_Anc=18913.33391,	N_1F=197492.93375,	r_2=0.00054,	nu_2F_gen=0.2658,	Tp=118865.75261,	T=989964.57348)	r
Current mean mutation rate:	 0.448806
Current mean number of params to change during mutation:	  3

--Best solution by value of fitness function--
Value of fitness: -75259.73235999857
Solution:		(N_Anc=664.14383,	N_1F=24750.15351,	r_2=-1.13e-04,	nu_2F_gen=1.29492,	Tp=359167.40822,	T=461.00587)	mmmm

Mean time:	4.130 sec.



Generation #8.
Current generation of solutions:
N	Value of fitness function	Solution
0	-75106.493934	(N_Anc=977.03432,	N_1F=24750.15351,	r_2=-6.69e-05,	nu_2F_gen=1.29492,	Tp=391115.9624,	T=607.12422)	mmmm
1	-75259.732360	(N_Anc=664.14383,	N_1F=24750.15351,	r_2=-1.13e-04,	nu_2F_gen=1.29492,	Tp=359167.40822,	T=461.00587)	mmmm
2	-75391.881027	(N_Anc=543.23112,	N_1F=31782.00121,	r_2=-4.22e-06,	nu_2F_gen=1.91245,	Tp=67671.67052,	T=641.00813)	mm
3	-75684.476457	(N_Anc=664.14383,	N_1F=21042.60381,	r_2=-1.13e-04,	nu_2F_gen=1.61723,	Tp=359167.40822,	T=461.00587)	c
4	-77760.487920	(N_Anc=880.55827,	N_1F=24870.7428,	r_2=-6.30e-06,	nu_2F_gen=1.16561,	Tp=40575.70692,	T=1130.91113)	mmmmm
5	-77965.957793	(N_Anc=762.27482,	N_1F=9643.76917,	r_2=-4.22e-06,	nu_2F_gen=1.20127,	Tp=48601.8662,	T=312.73573)	mmmmm
6	-82273.545229	(N_Anc=99068.45951,	N_1F=115632.6747,	r_2=0.00074,	nu_2F_gen=13.6198,	Tp=1498.73517,	T=20.96518)	r
7	-84306.759366	(N_Anc=32224.34107,	N_1F=4993.93633,	r_2=-1.69e-04,	nu_2F_gen=1.5957,	Tp=165838.67141,	T=679.88909)	mmm
8	-291229.349087	(N_Anc=953.93235,	N_1F=16177.16032,	r_2=-4.50e-04,	nu_2F_gen=0.80685,	Tp=118865.75261,	T=989964.57348)	c
Current mean mutation rate:	 0.457782
Current mean number of params to change during mutation:	  3

--Best solution by value of fitness function--
Value of fitness: -75106.49393355077
Solution:		(N_Anc=977.03432,	N_1F=24750.15351,	r_2=-6.69e-05,	nu_2F_gen=1.29492,	Tp=391115.9624,	T=607.12422)	mmmm

Mean time:	4.096 sec.



Generation #9.
Current generation of solutions:
N	Value of fitness function	Solution
0	-74429.278616	(N_Anc=543.23112,	N_1F=37311.12065,	r_2=-1.87e-06,	nu_2F_gen=1.91245,	Tp=120987.83849,	T=506.62639)	mmmm
1	-75106.493934	(N_Anc=977.03432,	N_1F=24750.15351,	r_2=-6.69e-05,	nu_2F_gen=1.29492,	Tp=391115.9624,	T=607.12422)	mmmm
2	-75259.732360	(N_Anc=664.14383,	N_1F=24750.15351,	r_2=-1.13e-04,	nu_2F_gen=1.29492,	Tp=359167.40822,	T=461.00587)	mmmm
3	-75556.911022	(N_Anc=1548.25126,	N_1F=24870.7428,	r_2=-6.30e-06,	nu_2F_gen=2.09745,	Tp=60933.1438,	T=1130.91113)	mmm
4	-76373.186634	(N_Anc=664.14383,	N_1F=14775.92641,	r_2=-3.87e-05,	nu_2F_gen=1.61723,	Tp=359167.40822,	T=775.90792)	mmm
5	-77951.171872	(N_Anc=1705.92878,	N_1F=17019.05119,	r_2=-6.69e-05,	nu_2F_gen=1.29492,	Tp=391115.9624,	T=427.88214)	mmm
6	-82769.825779	(N_Anc=32224.34107,	N_1F=24870.7428,	r_2=-6.30e-06,	nu_2F_gen=1.16561,	Tp=40575.70692,	T=679.88909)	c
7	-84955.899109	(N_Anc=38786.63053,	N_1F=2919.41832,	r_2=-2.04e-04,	nu_2F_gen=1.5957,	Tp=224687.68439,	T=679.88909)	mmmm
8	-86190.567639	(N_Anc=2470.67672,	N_1F=21420.36711,	r_2=-3.60e-05,	nu_2F_gen=2.95815,	Tp=5889.9523,	T=485.68391)	r
Current mean mutation rate:	 0.466938
Current mean number of params to change during mutation:	  3

--Best solution by value of fitness function--
Value of fitness: -74429.2786162281
Solution:		(N_Anc=543.23112,	N_1F=37311.12065,	r_2=-1.87e-06,	nu_2F_gen=1.91245,	Tp=120987.83849,	T=506.62639)	mmmm

Mean time:	4.083 sec.



Generation #10.
Current generation of solutions:
N	Value of fitness function	Solution
0	-74429.278616	(N_Anc=543.23112,	N_1F=37311.12065,	r_2=-1.87e-06,	nu_2F_gen=1.91245,	Tp=120987.83849,	T=506.62639)	mmmm
1	-75106.493934	(N_Anc=977.03432,	N_1F=24750.15351,	r_2=-6.69e-05,	nu_2F_gen=1.29492,	Tp=391115.9624,	T=607.12422)	mmmm
2	-76013.210457	(N_Anc=664.14383,	N_1F=16043.9233,	r_2=-1.74e-04,	nu_2F_gen=2.20116,	Tp=359167.40822,	T=685.23506)	mmmm
3	-77297.381822	(N_Anc=1283.42776,	N_1F=9289.66134,	r_2=-6.30e-06,	nu_2F_gen=3.10232,	Tp=37295.47163,	T=1385.7873)	mmmmm
4	-79782.089640	(N_Anc=2470.67672,	N_1F=24750.15351,	r_2=-6.69e-05,	nu_2F_gen=2.95815,	Tp=391115.9624,	T=607.12422)	c
5	-82368.315950	(N_Anc=53649.98271,	N_1F=12425.89304,	r_2=-6.30e-06,	nu_2F_gen=1.75849,	Tp=19054.23226,	T=1217.17101)	mmmmm
6	-85748.727176	(N_Anc=1986.90477,	N_1F=21420.36711,	r_2=-2.47e-05,	nu_2F_gen=1.40502,	Tp=7005.29007,	T=258.76894)	mmmmm
7	-87585.782097	(N_Anc=20787.36146,	N_1F=1723.24851,	r_2=-3.09e-04,	nu_2F_gen=2.19968,	Tp=224687.68439,	T=241.24992)	mmmmm
8	-1459029.615838	(N_Anc=1099.41446,	N_1F=32.91999,	r_2=-9.88e-04,	nu_2F_gen=0.63007,	Tp=174840.65305,	T=60377.51747)	r
Current mean mutation rate:	 0.464632
Current mean number of params to change during mutation:	  3

--Best solution by value of fitness function--
Value of fitness: -74429.2786162281
Solution:		(N_Anc=543.23112,	N_1F=37311.12065,	r_2=-1.87e-06,	nu_2F_gen=1.91245,	Tp=120987.83849,	T=506.62639)	mmmm

Mean time:	4.076 sec.



Generation #11.
Current generation of solutions:
N	Value of fitness function	Solution
0	-74429.278616	(N_Anc=543.23112,	N_1F=37311.12065,	r_2=-1.87e-06,	nu_2F_gen=1.91245,	Tp=120987.83849,	T=506.62639)	mmmm
1	-75106.493934	(N_Anc=977.03432,	N_1F=24750.15351,	r_2=-6.69e-05,	nu_2F_gen=1.29492,	Tp=391115.9624,	T=607.12422)	mmmm
2	-75253.739004	(N_Anc=1024.99197,	N_1F=23135.88278,	r_2=-4.01e-05,	nu_2F_gen=1.22806,	Tp=391115.9624,	T=607.12422)	mmmm
3	-75508.780283	(N_Anc=1385.91668,	N_1F=24750.15351,	r_2=-1.15e-05,	nu_2F_gen=1.80859,	Tp=232562.67869,	T=765.87632)	mmmmm
4	-75847.366440	(N_Anc=587.09826,	N_1F=14479.58997,	r_2=-6.30e-06,	nu_2F_gen=4.39689,	Tp=62580.25152,	T=1385.7873)	mmmm
5	-76058.427083	(N_Anc=415.01042,	N_1F=18842.64186,	r_2=-1.57e-06,	nu_2F_gen=1.91245,	Tp=120987.83849,	T=537.29259)	mmmm
6	-79782.089640	(N_Anc=2470.67672,	N_1F=24750.15351,	r_2=-6.69e-05,	nu_2F_gen=2.95815,	Tp=391115.9624,	T=607.12422)	c
7	-88803.692008	(N_Anc=8359.23005,	N_1F=1723.24851,	r_2=-3.09e-04,	nu_2F_gen=3.11874,	Tp=116334.56772,	T=148.70026)	mmmm
8	-102442.881123	(N_Anc=4730.92442,	N_1F=2617226.6239,	r_2=0.00025,	nu_2F_gen=38.11082,	Tp=40020.18075,	T=1387.80476)	r
Current mean mutation rate:	 0.462337
Current mean number of params to change during mutation:	  3

--Best solution by value of fitness function--
Value of fitness: -74429.2786162281
Solution:		(N_Anc=543.23112,	N_1F=37311.12065,	r_2=-1.87e-06,	nu_2F_gen=1.91245,	Tp=120987.83849,	T=506.62639)	mmmm

Mean time:	4.069 sec.



Generation #12.
Current generation of solutions:
N	Value of fitness function	Solution
0	-74409.352039	(N_Anc=1429.40894,	N_1F=35744.42159,	r_2=-6.69e-05,	nu_2F_gen=0.67861,	Tp=711332.8456,	T=607.12422)	mmmm
1	-74429.278616	(N_Anc=543.23112,	N_1F=37311.12065,	r_2=-1.87e-06,	nu_2F_gen=1.91245,	Tp=120987.83849,	T=506.62639)	mmmm
2	-75010.174079	(N_Anc=968.52579,	N_1F=50114.54169,	r_2=-1.87e-06,	nu_2F_gen=1.56618,	Tp=81085.37752,	T=634.77891)	mmmmm
3	-75106.493934	(N_Anc=977.03432,	N_1F=24750.15351,	r_2=-6.69e-05,	nu_2F_gen=1.29492,	Tp=391115.9624,	T=607.12422)	mmmm
4	-75461.907548	(N_Anc=607.64928,	N_1F=24750.15351,	r_2=-2.80e-05,	nu_2F_gen=2.95815,	Tp=190766.53215,	T=607.12422)	mmm
5	-75567.209509	(N_Anc=587.09826,	N_1F=24750.15351,	r_2=-6.30e-06,	nu_2F_gen=4.39689,	Tp=232562.67869,	T=765.87632)	c
6	-75980.118388	(N_Anc=659.38424,	N_1F=50917.91931,	r_2=-9.04e-07,	nu_2F_gen=2.85253,	Tp=70091.67304,	T=637.72743)	mmmmmm
7	-99108.822452	(N_Anc=7068.95331,	N_1F=1796536.24419,	r_2=0.00034,	nu_2F_gen=38.11082,	Tp=40020.18075,	T=930.05676)	mmmm
8	-119489.404016	(N_Anc=5835.20181,	N_1F=8649.51506,	r_2=-3.05e-05,	nu_2F_gen=0.15303,	Tp=215.16407,	T=13361.37314)	r
Current mean mutation rate:	 0.471584
Current mean number of params to change during mutation:	  3

--Best solution by value of fitness function--
Value of fitness: -74409.35203889819
Solution:		(N_Anc=1429.40894,	N_1F=35744.42159,	r_2=-6.69e-05,	nu_2F_gen=0.67861,	Tp=711332.8456,	T=607.12422)	mmmm

Mean time:	4.061 sec.



Generation #13.
Current generation of solutions:
N	Value of fitness function	Solution
0	-74409.352039	(N_Anc=1429.40894,	N_1F=35744.42159,	r_2=-6.69e-05,	nu_2F_gen=0.67861,	Tp=711332.8456,	T=607.12422)	mmmm
1	-74429.278616	(N_Anc=543.23112,	N_1F=37311.12065,	r_2=-1.87e-06,	nu_2F_gen=1.91245,	Tp=120987.83849,	T=506.62639)	mmmm
2	-74653.282147	(N_Anc=587.09826,	N_1F=37476.28006,	r_2=-9.58e-06,	nu_2F_gen=1.92689,	Tp=328285.05338,	T=381.03573)	mmmmm
3	-75461.907548	(N_Anc=607.64928,	N_1F=24750.15351,	r_2=-2.80e-05,	nu_2F_gen=2.95815,	Tp=190766.53215,	T=607.12422)	c
4	-76613.292634	(N_Anc=511.97517,	N_1F=40520.5709,	r_2=-9.89e-06,	nu_2F_gen=4.39689,	Tp=313005.38195,	T=360.04935)	mmmmm
5	-76670.563035	(N_Anc=409.76453,	N_1F=24750.15351,	r_2=-4.19e-05,	nu_2F_gen=1.96901,	Tp=279348.15326,	T=904.14353)	mmmmm
6	-76984.686571	(N_Anc=659.38424,	N_1F=31051.9249,	r_2=-8.27e-07,	nu_2F_gen=1.93895,	Tp=39747.91649,	T=637.72743)	mmmm
7	-77367.315350	(N_Anc=911.37817,	N_1F=7675.03764,	r_2=-4.49e-06,	nu_2F_gen=2.33783,	Tp=330818.9257,	T=1038.97328)	mmmmmm
8	-148387.266023	(N_Anc=418.1015,	N_1F=7072.31195,	r_2=-6.98e-04,	nu_2F_gen=26.42854,	Tp=889.24396,	T=79952.29565)	r
Current mean mutation rate:	 0.469255
Current mean number of params to change during mutation:	  3

--Best solution by value of fitness function--
Value of fitness: -74409.35203889819
Solution:		(N_Anc=1429.40894,	N_1F=35744.42159,	r_2=-6.69e-05,	nu_2F_gen=0.67861,	Tp=711332.8456,	T=607.12422)	mmmm

Mean time:	4.014 sec.



Generation #14.
Current generation of solutions:
N	Value of fitness function	Solution
0	-72921.880035	(N_Anc=2262.11754,	N_1F=65660.57551,	r_2=-6.69e-05,	nu_2F_gen=0.67861,	Tp=967044.38831,	T=607.12422)	mmm
1	-73135.661766	(N_Anc=349.5588,	N_1F=65775.78436,	r_2=-1.13e-05,	nu_2F_gen=4.39689,	Tp=313005.38195,	T=536.56549)	mmmm
2	-74409.352039	(N_Anc=1429.40894,	N_1F=35744.42159,	r_2=-6.69e-05,	nu_2F_gen=0.67861,	Tp=711332.8456,	T=607.12422)	mmmm
3	-74429.278616	(N_Anc=543.23112,	N_1F=37311.12065,	r_2=-1.87e-06,	nu_2F_gen=1.91245,	Tp=120987.83849,	T=506.62639)	mmmm
4	-74950.574452	(N_Anc=306.97513,	N_1F=24750.15351,	r_2=-1.70e-05,	nu_2F_gen=4.89228,	Tp=284661.29846,	T=929.34101)	mmmmm
5	-75885.088825	(N_Anc=1429.40894,	N_1F=35744.42159,	r_2=-6.69e-05,	nu_2F_gen=1.91245,	Tp=120987.83849,	T=607.12422)	c
6	-87638.044719	(N_Anc=1902.15029,	N_1F=144479.12577,	r_2=-2.95e-04,	nu_2F_gen=2.6922,	Tp=274.30956,	T=10018.22405)	r
7	-137116.780080	(N_Anc=160.01787,	N_1F=5022.72546,	r_2=-1.00e-03,	nu_2F_gen=26.42854,	Tp=500.82447,	T=40898.20825)	mmmmm
8	-144480.774481	(N_Anc=418.1015,	N_1F=7072.31195,	r_2=-1.00e-03,	nu_2F_gen=9.42067,	Tp=1190.71002,	T=79952.29565)	mmm
Current mean mutation rate:	 0.478640
Current mean number of params to change during mutation:	  3

--Best solution by value of fitness function--
Value of fitness: -72921.88003459254
Solution:		(N_Anc=2262.11754,	N_1F=65660.57551,	r_2=-6.69e-05,	nu_2F_gen=0.67861,	Tp=967044.38831,	T=607.12422)	mmm

Mean time:	3.992 sec.



Generation #15.
Current generation of solutions:
N	Value of fitness function	Solution
0	-72373.667383	(N_Anc=516.59622,	N_1F=99694.18548,	r_2=-1.13e-05,	nu_2F_gen=4.39689,	Tp=251028.93935,	T=821.68223)	mmmm
1	-72731.081432	(N_Anc=2262.11754,	N_1F=65660.57551,	r_2=-6.69e-05,	nu_2F_gen=0.67861,	Tp=967044.38831,	T=754.11776)	m
2	-72921.880035	(N_Anc=2262.11754,	N_1F=65660.57551,	r_2=-6.69e-05,	nu_2F_gen=0.67861,	Tp=967044.38831,	T=607.12422)	mmm
3	-73135.661766	(N_Anc=349.5588,	N_1F=65775.78436,	r_2=-1.13e-05,	nu_2F_gen=4.39689,	Tp=313005.38195,	T=536.56549)	mmmm
4	-74259.851069	(N_Anc=1650.76727,	N_1F=35744.42159,	r_2=-1.05e-04,	nu_2F_gen=0.94376,	Tp=492280.85981,	T=1179.18698)	mmmmm
5	-74901.894489	(N_Anc=747.03242,	N_1F=37311.12065,	r_2=-2.39e-06,	nu_2F_gen=2.32177,	Tp=179023.15198,	T=506.62639)	mmmm
6	-80992.239845	(N_Anc=2262.11754,	N_1F=24750.15351,	r_2=-6.69e-05,	nu_2F_gen=4.89228,	Tp=284661.29846,	T=607.12422)	c
7	-90769.984094	(N_Anc=45412.145,	N_1F=3304.23307,	r_2=-5.83e-04,	nu_2F_gen=0.42043,	Tp=392121.00669,	T=4954.62751)	r
8	-120412.322685	(N_Anc=246.06715,	N_1F=5022.72546,	r_2=-1.00e-03,	nu_2F_gen=35.63696,	Tp=798.04449,	T=22090.79342)	mmmmm
Current mean mutation rate:	 0.488213
Current mean number of params to change during mutation:	  3

--Best solution by value of fitness function--
Value of fitness: -72373.66738340278
Solution:		(N_Anc=516.59622,	N_1F=99694.18548,	r_2=-1.13e-05,	nu_2F_gen=4.39689,	Tp=251028.93935,	T=821.68223)	mmmm

Mean time:	3.980 sec.



Generation #16.
Current generation of solutions:
N	Value of fitness function	Solution
0	-72373.667383	(N_Anc=516.59622,	N_1F=99694.18548,	r_2=-1.13e-05,	nu_2F_gen=4.39689,	Tp=251028.93935,	T=821.68223)	mmmm
1	-72557.925240	(N_Anc=516.59622,	N_1F=99694.18548,	r_2=-1.13e-05,	nu_2F_gen=2.17918,	Tp=382081.45146,	T=329.23293)	mmm
2	-72731.081432	(N_Anc=2262.11754,	N_1F=65660.57551,	r_2=-6.69e-05,	nu_2F_gen=0.67861,	Tp=967044.38831,	T=754.11776)	m
3	-73253.299137	(N_Anc=1167.66426,	N_1F=86533.75849,	r_2=-6.69e-05,	nu_2F_gen=0.94182,	Tp=967044.38831,	T=275.98451)	mmmm
4	-73382.888320	(N_Anc=1962.44266,	N_1F=48752.76059,	r_2=-3.26e-05,	nu_2F_gen=1.55531,	Tp=753185.22597,	T=1179.18698)	mmmmm
5	-74159.524501	(N_Anc=1463.9272,	N_1F=65660.57551,	r_2=-6.69e-05,	nu_2F_gen=0.62071,	Tp=1402947.01398,	T=920.38124)	mmmm
6	-77964.404004	(N_Anc=1050.01816,	N_1F=37311.12065,	r_2=-2.39e-06,	nu_2F_gen=1.39028,	Tp=52672.4377,	T=312.03151)	mmmm
7	-81599.048992	(N_Anc=1650.76727,	N_1F=5022.72546,	r_2=-1.00e-03,	nu_2F_gen=0.94376,	Tp=798.04449,	T=1179.18698)	c
8	-83812.750237	(N_Anc=101404.94883,	N_1F=34434.78741,	r_2=-4.66e-04,	nu_2F_gen=2.79954,	Tp=54980.97832,	T=573.08751)	r
Current mean mutation rate:	 0.485802
Current mean number of params to change during mutation:	  3

--Best solution by value of fitness function--
Value of fitness: -72373.66738340278
Solution:		(N_Anc=516.59622,	N_1F=99694.18548,	r_2=-1.13e-05,	nu_2F_gen=4.39689,	Tp=251028.93935,	T=821.68223)	mmmm

Mean time:	3.965 sec.



Generation #17.
Current generation of solutions:
N	Value of fitness function	Solution
0	-71564.870782	(N_Anc=248.86276,	N_1F=142966.02974,	r_2=-1.68e-05,	nu_2F_gen=4.39689,	Tp=453229.92846,	T=821.68223)	mmmm
1	-72373.667383	(N_Anc=516.59622,	N_1F=99694.18548,	r_2=-1.13e-05,	nu_2F_gen=4.39689,	Tp=251028.93935,	T=821.68223)	mmmm
2	-72407.621692	(N_Anc=516.59622,	N_1F=99694.18548,	r_2=-6.69e-05,	nu_2F_gen=2.17918,	Tp=1402947.01398,	T=920.38124)	c
3	-72557.925240	(N_Anc=516.59622,	N_1F=99694.18548,	r_2=-1.13e-05,	nu_2F_gen=2.17918,	Tp=382081.45146,	T=329.23293)	mmm
4	-72947.034815	(N_Anc=617.03317,	N_1F=75950.56703,	r_2=-2.02e-05,	nu_2F_gen=1.76613,	Tp=251028.93935,	T=388.27023)	mmmmm
5	-73167.153830	(N_Anc=3359.73975,	N_1F=48752.76059,	r_2=-4.44e-05,	nu_2F_gen=0.7272,	Tp=753185.22597,	T=1522.77553)	mmmm
6	-75403.395777	(N_Anc=790.66829,	N_1F=38140.82508,	r_2=-8.29e-05,	nu_2F_gen=1.39872,	Tp=597972.44631,	T=275.98451)	mmmmm
7	-83261.001138	(N_Anc=2564.47608,	N_1F=5022.72546,	r_2=-1.00e-03,	nu_2F_gen=1.47625,	Tp=879.32349,	T=486.7928)	mmmmm
8	-85596.257919	(N_Anc=8471.42917,	N_1F=1309054.24249,	r_2=-1.08e-04,	nu_2F_gen=3.67879,	Tp=25186.70545,	T=16022.26713)	r
Current mean mutation rate:	 0.495518
Current mean number of params to change during mutation:	  3

--Best solution by value of fitness function--
Value of fitness: -71564.87078236893
Solution:		(N_Anc=248.86276,	N_1F=142966.02974,	r_2=-1.68e-05,	nu_2F_gen=4.39689,	Tp=453229.92846,	T=821.68223)	mmmm

Mean time:	3.964 sec.



Generation #18.
Current generation of solutions:
N	Value of fitness function	Solution
0	-71269.927429	(N_Anc=516.59622,	N_1F=137640.49456,	r_2=-6.69e-05,	nu_2F_gen=3.10138,	Tp=1402947.01398,	T=553.27483)	mmm
1	-71564.870782	(N_Anc=248.86276,	N_1F=142966.02974,	r_2=-1.68e-05,	nu_2F_gen=4.39689,	Tp=453229.92846,	T=821.68223)	mmmm
2	-72373.667383	(N_Anc=516.59622,	N_1F=99694.18548,	r_2=-1.13e-05,	nu_2F_gen=4.39689,	Tp=251028.93935,	T=821.68223)	mmmm
3	-73302.760275	(N_Anc=5602.5109,	N_1F=48752.76059,	r_2=-4.44e-05,	nu_2F_gen=0.7272,	Tp=753185.22597,	T=1522.77553)	m
4	-75115.293086	(N_Anc=3359.73975,	N_1F=29052.70118,	r_2=-7.10e-05,	nu_2F_gen=0.47416,	Tp=1055301.05889,	T=1522.77553)	mmmm
5	-75883.497417	(N_Anc=727.25021,	N_1F=99694.18548,	r_2=-1.13e-05,	nu_2F_gen=2.61441,	Tp=382081.45146,	T=211.76581)	mmm
6	-82283.623137	(N_Anc=4346.10958,	N_1F=5022.72546,	r_2=-4.91e-04,	nu_2F_gen=2.19748,	Tp=879.32349,	T=827.13083)	mmmm
7	-86780.237157	(N_Anc=2564.47608,	N_1F=99694.18548,	r_2=-1.00e-03,	nu_2F_gen=2.17918,	Tp=879.32349,	T=920.38124)	c
8	-1337971.419257	(N_Anc=17955.22722,	N_1F=85955.67447,	r_2=9e-05,	nu_2F_gen=0.1477,	Tp=140745.68031,	T=564346.29684)	r
Current mean mutation rate:	 0.505429
Current mean number of params to change during mutation:	  3

--Best solution by value of fitness function--
Value of fitness: -71269.9274292969
Solution:		(N_Anc=516.59622,	N_1F=137640.49456,	r_2=-6.69e-05,	nu_2F_gen=3.10138,	Tp=1402947.01398,	T=553.27483)	mmm

Mean time:	3.967 sec.



Generation #19.
Current generation of solutions:
N	Value of fitness function	Solution
0	-71269.927429	(N_Anc=516.59622,	N_1F=137640.49456,	r_2=-6.69e-05,	nu_2F_gen=3.10138,	Tp=1402947.01398,	T=553.27483)	mmm
1	-71564.870782	(N_Anc=248.86276,	N_1F=142966.02974,	r_2=-1.68e-05,	nu_2F_gen=4.39689,	Tp=453229.92846,	T=821.68223)	mmmm
2	-71931.570496	(N_Anc=274.40554,	N_1F=137640.49456,	r_2=-6.69e-05,	nu_2F_gen=4.72887,	Tp=1402947.01398,	T=338.23358)	mmm
3	-72474.645063	(N_Anc=516.59622,	N_1F=79496.84095,	r_2=-1.13e-05,	nu_2F_gen=2.50907,	Tp=383791.82484,	T=821.68223)	mmm
4	-72913.593637	(N_Anc=248.86276,	N_1F=142966.02974,	r_2=-2.97e-05,	nu_2F_gen=4.39689,	Tp=740469.9216,	T=1242.5983)	mmm
5	-74181.096120	(N_Anc=177.53664,	N_1F=99694.18548,	r_2=-1.64e-05,	nu_2F_gen=6.54428,	Tp=251028.93935,	T=1343.89877)	mmmm
6	-92773.135274	(N_Anc=6691.08661,	N_1F=3774.2643,	r_2=-2.84e-04,	nu_2F_gen=0.45476,	Tp=34.45611,	T=11452.79091)	r
7	-98215.463905	(N_Anc=248.86276,	N_1F=142966.02974,	r_2=-1.00e-03,	nu_2F_gen=2.17918,	Tp=879.32349,	T=920.38124)	c
8	-1331839.418431	(N_Anc=20250.03151,	N_1F=85955.67447,	r_2=0.00014,	nu_2F_gen=0.1477,	Tp=211521.33007,	T=91830.76728)	mmmm
Current mean mutation rate:	 0.502933
Current mean number of params to change during mutation:	  3

--Best solution by value of fitness function--
Value of fitness: -71269.9274292969
Solution:		(N_Anc=516.59622,	N_1F=137640.49456,	r_2=-6.69e-05,	nu_2F_gen=3.10138,	Tp=1402947.01398,	T=553.27483)	mmm

Mean time:	3.987 sec.



Generation #20.
Current generation of solutions:
N	Value of fitness function	Solution
0	-69986.862134	(N_Anc=109.366,	N_1F=256070.18043,	r_2=-9.11e-05,	nu_2F_gen=4.72887,	Tp=1402947.01398,	T=159.10512)	mmmm
1	-71269.927429	(N_Anc=516.59622,	N_1F=137640.49456,	r_2=-6.69e-05,	nu_2F_gen=3.10138,	Tp=1402947.01398,	T=553.27483)	mmm
2	-71564.870782	(N_Anc=248.86276,	N_1F=142966.02974,	r_2=-1.68e-05,	nu_2F_gen=4.39689,	Tp=453229.92846,	T=821.68223)	mmmm
3	-71623.335202	(N_Anc=325.99715,	N_1F=202804.50214,	r_2=-1.68e-05,	nu_2F_gen=6.63395,	Tp=311649.66288,	T=1196.19224)	mmmmm
4	-73608.561651	(N_Anc=397.81943,	N_1F=42585.00318,	r_2=-2.97e-05,	nu_2F_gen=7.78983,	Tp=740469.9216,	T=1242.5983)	mmm
5	-75514.708114	(N_Anc=133.34242,	N_1F=59536.31196,	r_2=-1.25e-05,	nu_2F_gen=7.25366,	Tp=1327467.01425,	T=1242.5983)	mmmmm
6	-80461.819056	(N_Anc=177.53664,	N_1F=142966.02974,	r_2=-1.64e-05,	nu_2F_gen=2.17918,	Tp=251028.93935,	T=920.38124)	c
7	-85850.444677	(N_Anc=8949.23544,	N_1F=6698.10458,	r_2=-3.88e-04,	nu_2F_gen=0.73895,	Tp=44.64571,	T=11452.79091)	mmmmm
8	-1463504.988153	(N_Anc=21777.10113,	N_1F=286.57063,	r_2=0.00011,	nu_2F_gen=2.61072,	Tp=313922.91079,	T=317698.77032)	r
Current mean mutation rate:	 0.512991
Current mean number of params to change during mutation:	  3

--Best solution by value of fitness function--
Value of fitness: -69986.86213427356
Solution:		(N_Anc=109.366,	N_1F=256070.18043,	r_2=-9.11e-05,	nu_2F_gen=4.72887,	Tp=1402947.01398,	T=159.10512)	mmmm

Mean time:	3.995 sec.



--Finish global optimization Genetic_algorithm--
Result:
   status: 3
 success: True
 message: MAXIMUM NUMBER OF GENERATIONS ACHIEVED
       x: [ 1.09365996e+02  2.56070180e+05 -9.10854474e-05  4.72887206e+00
  1.40294701e+06  1.59105117e+02]	mmmm
       y: -69986.86213427356
  n_eval: 287
  n_iter: 20

--Start local optimization optimize_log--
0	-69986.86213427356	(N_Anc=109.366,	N_1F=256070.18043,	r_2=-9.11e-05,	nu_2F_gen=4.72887,	Tp=1402947.01398,	T=159.10512)	
1	-69986.86213427356	(N_Anc=109.366,	N_1F=256070.18043,	r_2=-9.11e-05,	nu_2F_gen=4.72887,	Tp=1402947.01398,	T=159.10512)	
2	-69988.99323911892	(N_Anc=109.47542,	N_1F=256070.18043,	r_2=-9.11e-05,	nu_2F_gen=4.72887,	Tp=1402947.01398,	T=159.10512)	
2	-69984.42690120911	(N_Anc=109.366,	N_1F=256326.37869,	r_2=-9.11e-05,	nu_2F_gen=4.72887,	Tp=1402947.01398,	T=159.10512)	
2	-69828.53279606586	(N_Anc=109.366,	N_1F=256070.18043,	r_2=0.00091,	nu_2F_gen=4.72887,	Tp=1402947.01398,	T=159.10512)	
2	-69988.99324770778	(N_Anc=109.366,	N_1F=256070.18043,	r_2=-9.11e-05,	nu_2F_gen=4.7336,	Tp=1402947.01398,	T=159.10512)	
2	-69986.80655212497	(N_Anc=109.366,	N_1F=256070.18043,	r_2=-9.11e-05,	nu_2F_gen=4.72887,	Tp=1404350.6627,	T=159.10512)	
2	-69984.72840722714	(N_Anc=109.366,	N_1F=256070.18043,	r_2=-9.11e-05,	nu_2F_gen=4.72887,	Tp=1402947.01398,	T=159.2643)	
2	-69942.03101342708	(N_Anc=109.3656,	N_1F=256071.24054,	r_2=0.00018,	nu_2F_gen=4.72885,	Tp=1402947.14654,	T=159.10569)	
2	-69944.0763523787	(N_Anc=109.47502,	N_1F=256071.24054,	r_2=0.00018,	nu_2F_gen=4.72885,	Tp=1402947.14654,	T=159.10569)	
2	-69939.59434508209	(N_Anc=109.3656,	N_1F=256327.43985,	r_2=0.00018,	nu_2F_gen=4.72885,	Tp=1402947.14654,	T=159.10569)	
2	-69944.07636080025	(N_Anc=109.3656,	N_1F=256071.24054,	r_2=0.00018,	nu_2F_gen=4.73359,	Tp=1402947.14654,	T=159.10569)	
2	-69941.9764912552	(N_Anc=109.3656,	N_1F=256071.24054,	r_2=0.00018,	nu_2F_gen=4.72885,	Tp=1404350.79539,	T=159.10569)	
2	-69939.93853898419	(N_Anc=109.3656,	N_1F=256071.24054,	r_2=0.00018,	nu_2F_gen=4.72885,	Tp=1402947.14654,	T=159.26488)	
2	-69986.8620619949	(N_Anc=109.366,	N_1F=256070.18043,	r_2=-9.11e-05,	nu_2F_gen=4.72887,	Tp=1402947.01398,	T=159.10512)	
2	-69988.9931667064	(N_Anc=109.47542,	N_1F=256070.18043,	r_2=-9.11e-05,	nu_2F_gen=4.72887,	Tp=1402947.01398,	T=159.10512)	
2	-69984.42682892816	(N_Anc=109.366,	N_1F=256326.37869,	r_2=-9.11e-05,	nu_2F_gen=4.72887,	Tp=1402947.01398,	T=159.10512)	
2	-69828.53273341064	(N_Anc=109.366,	N_1F=256070.18043,	r_2=0.00091,	nu_2F_gen=4.72887,	Tp=1402947.01398,	T=159.10512)	
2	-69988.99317529524	(N_Anc=109.366,	N_1F=256070.18043,	r_2=-9.11e-05,	nu_2F_gen=4.7336,	Tp=1402947.01398,	T=159.10512)	
2	-69986.80647984799	(N_Anc=109.366,	N_1F=256070.18043,	r_2=-9.11e-05,	nu_2F_gen=4.72887,	Tp=1404350.6627,	T=159.10512)	
2	-69984.72833500941	(N_Anc=109.366,	N_1F=256070.18043,	r_2=-9.11e-05,	nu_2F_gen=4.72887,	Tp=1402947.01398,	T=159.2643)	
2	-69956.80543028135	(N_Anc=109.36573,	N_1F=256070.88717,	r_2=9e-05,	nu_2F_gen=4.72886,	Tp=1402947.10235,	T=159.1055)	
2	-69958.87965513632	(N_Anc=109.47515,	N_1F=256070.88717,	r_2=9e-05,	nu_2F_gen=4.72886,	Tp=1402947.10235,	T=159.1055)	
2	-69954.36923940526	(N_Anc=109.36573,	N_1F=256327.08613,	r_2=9e-05,	nu_2F_gen=4.72886,	Tp=1402947.10235,	T=159.1055)	
2	-69958.87966361351	(N_Anc=109.36573,	N_1F=256070.88717,	r_2=9e-05,	nu_2F_gen=4.73359,	Tp=1402947.10235,	T=159.1055)	
2	-69956.75055555714	(N_Anc=109.36573,	N_1F=256070.88717,	r_2=9e-05,	nu_2F_gen=4.72886,	Tp=1404350.75116,	T=159.1055)	
2	-69954.69856800215	(N_Anc=109.36573,	N_1F=256070.88717,	r_2=9e-05,	nu_2F_gen=4.72886,	Tp=1402947.10235,	T=159.26469)	
2	-69945.13886560815	(N_Anc=109.36563,	N_1F=256071.16586,	r_2=0.00016,	nu_2F_gen=4.72886,	Tp=1402947.1372,	T=159.10565)	
2	-69947.19033371269	(N_Anc=109.47505,	N_1F=256071.16586,	r_2=0.00016,	nu_2F_gen=4.72886,	Tp=1402947.1372,	T=159.10565)	
2	-69942.70229808196	(N_Anc=109.36563,	N_1F=256327.3651,	r_2=0.00016,	nu_2F_gen=4.72886,	Tp=1402947.1372,	T=159.10565)	
2	-69947.19034214596	(N_Anc=109.36563,	N_1F=256071.16586,	r_2=0.00016,	nu_2F_gen=4.73359,	Tp=1402947.1372,	T=159.10565)	
2	-69945.08426899926	(N_Anc=109.36563,	N_1F=256071.16586,	r_2=0.00016,	nu_2F_gen=4.72886,	Tp=1404350.78605,	T=159.10565)	
2	-69943.04329678326	(N_Anc=109.36563,	N_1F=256071.16586,	r_2=0.00016,	nu_2F_gen=4.72886,	Tp=1402947.1372,	T=159.26484)	
2	-69942.68713419723	(N_Anc=109.36561,	N_1F=256071.22475,	r_2=0.00017,	nu_2F_gen=4.72886,	Tp=1402947.14457,	T=159.10569)	
2	-69944.73376949952	(N_Anc=109.47503,	N_1F=256071.22475,	r_2=0.00017,	nu_2F_gen=4.72886,	Tp=1402947.14457,	T=159.10569)	
2	-69940.25048715401	(N_Anc=109.36561,	N_1F=256327.42406,	r_2=0.00017,	nu_2F_gen=4.72886,	Tp=1402947.14457,	T=159.10569)	
2	-69944.73377792357	(N_Anc=109.36561,	N_1F=256071.22475,	r_2=0.00017,	nu_2F_gen=4.73359,	Tp=1402947.14457,	T=159.10569)	
2	-69942.63259629796	(N_Anc=109.36561,	N_1F=256071.22475,	r_2=0.00017,	nu_2F_gen=4.72886,	Tp=1404350.79342,	T=159.10569)	
2	-69940.59400341747	(N_Anc=109.36561,	N_1F=256071.22475,	r_2=0.00017,	nu_2F_gen=4.72886,	Tp=1402947.14457,	T=159.26487)	
2	-69942.16963894643	(N_Anc=109.3656,	N_1F=256071.2372,	r_2=0.00018,	nu_2F_gen=4.72885,	Tp=1402947.14612,	T=159.10569)	
2	-69944.21525189819	(N_Anc=109.47502,	N_1F=256071.2372,	r_2=0.00018,	nu_2F_gen=4.72885,	Tp=1402947.14612,	T=159.10569)	
2	-69939.73297510284	(N_Anc=109.3656,	N_1F=256327.43652,	r_2=0.00018,	nu_2F_gen=4.72885,	Tp=1402947.14612,	T=159.10569)	
2	-69944.21526032026	(N_Anc=109.3656,	N_1F=256071.2372,	r_2=0.00018,	nu_2F_gen=4.73359,	Tp=1402947.14612,	T=159.10569)	
2	-69942.11511345109	(N_Anc=109.3656,	N_1F=256071.2372,	r_2=0.00018,	nu_2F_gen=4.72885,	Tp=1404350.79498,	T=159.10569)	
2	-69940.0770256954	(N_Anc=109.3656,	N_1F=256071.2372,	r_2=0.00018,	nu_2F_gen=4.72885,	Tp=1402947.14612,	T=159.26488)	
2	-69942.0603070941	(N_Anc=109.3656,	N_1F=256071.23983,	r_2=0.00018,	nu_2F_gen=4.72885,	Tp=1402947.14645,	T=159.10569)	
2	-69944.10570395083	(N_Anc=109.47502,	N_1F=256071.23983,	r_2=0.00018,	nu_2F_gen=4.72885,	Tp=1402947.14645,	T=159.10569)	
2	-69939.62363970035	(N_Anc=109.3656,	N_1F=256327.43915,	r_2=0.00018,	nu_2F_gen=4.72885,	Tp=1402947.14645,	T=159.10569)	
2	-69944.1057123725	(N_Anc=109.3656,	N_1F=256071.23983,	r_2=0.00018,	nu_2F_gen=4.73359,	Tp=1402947.14645,	T=159.10569)	
2	-69942.0057842199	(N_Anc=109.3656,	N_1F=256071.23983,	r_2=0.00018,	nu_2F_gen=4.72885,	Tp=1404350.79531,	T=159.10569)	
2	-69939.96780331283	(N_Anc=109.3656,	N_1F=256071.23983,	r_2=0.00018,	nu_2F_gen=4.72885,	Tp=1402947.14645,	T=159.26488)	
2	-69942.03720383602	(N_Anc=109.3656,	N_1F=256071.24039,	r_2=0.00018,	nu_2F_gen=4.72885,	Tp=1402947.14652,	T=159.10569)	
2	-69944.08255502449	(N_Anc=109.47502,	N_1F=256071.24039,	r_2=0.00018,	nu_2F_gen=4.72885,	Tp=1402947.14652,	T=159.10569)	
2	-69939.60053569207	(N_Anc=109.3656,	N_1F=256327.43971,	r_2=0.00018,	nu_2F_gen=4.72885,	Tp=1402947.14652,	T=159.10569)	
2	-69944.08256344608	(N_Anc=109.3656,	N_1F=256071.24039,	r_2=0.00018,	nu_2F_gen=4.73359,	Tp=1402947.14652,	T=159.10569)	
2	-69941.98268151571	(N_Anc=109.3656,	N_1F=256071.24039,	r_2=0.00018,	nu_2F_gen=4.72885,	Tp=1404350.79537,	T=159.10569)	
2	-69939.94472319298	(N_Anc=109.3656,	N_1F=256071.24039,	r_2=0.00018,	nu_2F_gen=4.72885,	Tp=1402947.14652,	T=159.26488)	
2	-69942.03232160893	(N_Anc=109.3656,	N_1F=256071.2405,	r_2=0.00018,	nu_2F_gen=4.72885,	Tp=1402947.14654,	T=159.10569)	
2	-69944.07766314648	(N_Anc=109.47502,	N_1F=256071.2405,	r_2=0.00018,	nu_2F_gen=4.72885,	Tp=1402947.14654,	T=159.10569)	
2	-69939.59565330643	(N_Anc=109.3656,	N_1F=256327.43982,	r_2=0.00018,	nu_2F_gen=4.72885,	Tp=1402947.14654,	T=159.10569)	
2	-69944.07767156804	(N_Anc=109.3656,	N_1F=256071.2405,	r_2=0.00018,	nu_2F_gen=4.73359,	Tp=1402947.14654,	T=159.10569)	
2	-69941.9777994057	(N_Anc=109.3656,	N_1F=256071.2405,	r_2=0.00018,	nu_2F_gen=4.72885,	Tp=1404350.79539,	T=159.10569)	
2	-69939.93984585578	(N_Anc=109.3656,	N_1F=256071.2405,	r_2=0.00018,	nu_2F_gen=4.72885,	Tp=1402947.14654,	T=159.26488)	
2	-69942.0312898777	(N_Anc=109.3656,	N_1F=256071.24053,	r_2=0.00018,	nu_2F_gen=4.72885,	Tp=1402947.14654,	T=159.10569)	
2	-69944.0766293758	(N_Anc=109.47502,	N_1F=256071.24053,	r_2=0.00018,	nu_2F_gen=4.72885,	Tp=1402947.14654,	T=159.10569)	
2	-69939.59462154169	(N_Anc=109.3656,	N_1F=256327.43985,	r_2=0.00018,	nu_2F_gen=4.72885,	Tp=1402947.14654,	T=159.10569)	
2	-69944.07663779733	(N_Anc=109.3656,	N_1F=256071.24053,	r_2=0.00018,	nu_2F_gen=4.73359,	Tp=1402947.14654,	T=159.10569)	
2	-69941.9767676992	(N_Anc=109.3656,	N_1F=256071.24053,	r_2=0.00018,	nu_2F_gen=4.72885,	Tp=1404350.79539,	T=159.10569)	
2	-69939.93881515792	(N_Anc=109.3656,	N_1F=256071.24053,	r_2=0.00018,	nu_2F_gen=4.72885,	Tp=1402947.14654,	T=159.26488)	
2	-69942.03107184784	(N_Anc=109.3656,	N_1F=256071.24053,	r_2=0.00018,	nu_2F_gen=4.72885,	Tp=1402947.14654,	T=159.10569)	
2	-69944.07641091495	(N_Anc=109.47502,	N_1F=256071.24053,	r_2=0.00018,	nu_2F_gen=4.72885,	Tp=1402947.14654,	T=159.10569)	
2	-69939.59440350477	(N_Anc=109.3656,	N_1F=256327.43985,	r_2=0.00018,	nu_2F_gen=4.72885,	Tp=1402947.14654,	T=159.10569)	
2	-69944.07641933647	(N_Anc=109.3656,	N_1F=256071.24053,	r_2=0.00018,	nu_2F_gen=4.73359,	Tp=1402947.14654,	T=159.10569)	
2	-69941.97654967455	(N_Anc=109.3656,	N_1F=256071.24053,	r_2=0.00018,	nu_2F_gen=4.72885,	Tp=1404350.79539,	T=159.10569)	
2	-69939.93859734642	(N_Anc=109.3656,	N_1F=256071.24053,	r_2=0.00018,	nu_2F_gen=4.72885,	Tp=1402947.14654,	T=159.26488)	
2	-69942.03102577281	(N_Anc=109.3656,	N_1F=256071.24053,	r_2=0.00018,	nu_2F_gen=4.72885,	Tp=1402947.14654,	T=159.10569)	
2	-69944.07636474885	(N_Anc=109.47502,	N_1F=256071.24053,	r_2=0.00018,	nu_2F_gen=4.72885,	Tp=1402947.14654,	T=159.10569)	
2	-69939.59435742824	(N_Anc=109.3656,	N_1F=256327.43985,	r_2=0.00018,	nu_2F_gen=4.72885,	Tp=1402947.14654,	T=159.10569)	
2	-69944.07637317039	(N_Anc=109.3656,	N_1F=256071.24053,	r_2=0.00018,	nu_2F_gen=4.73359,	Tp=1402947.14654,	T=159.10569)	
2	-69941.97650360064	(N_Anc=109.3656,	N_1F=256071.24053,	r_2=0.00018,	nu_2F_gen=4.72885,	Tp=1404350.79539,	T=159.10569)	
2	-69939.93855131755	(N_Anc=109.3656,	N_1F=256071.24053,	r_2=0.00018,	nu_2F_gen=4.72885,	Tp=1402947.14654,	T=159.26488)	
2	-69942.03101603604	(N_Anc=109.3656,	N_1F=256071.24054,	r_2=0.00018,	nu_2F_gen=4.72885,	Tp=1402947.14654,	T=159.10569)	
2	-69944.07635499281	(N_Anc=109.47502,	N_1F=256071.24054,	r_2=0.00018,	nu_2F_gen=4.72885,	Tp=1402947.14654,	T=159.10569)	
2	-69939.59434769116	(N_Anc=109.3656,	N_1F=256327.43985,	r_2=0.00018,	nu_2F_gen=4.72885,	Tp=1402947.14654,	T=159.10569)	
2	-69944.07636341437	(N_Anc=109.3656,	N_1F=256071.24054,	r_2=0.00018,	nu_2F_gen=4.73359,	Tp=1402947.14654,	T=159.10569)	
2	-69941.97649386412	(N_Anc=109.3656,	N_1F=256071.24054,	r_2=0.00018,	nu_2F_gen=4.72885,	Tp=1404350.79539,	T=159.10569)	
2	-69939.93854159053	(N_Anc=109.3656,	N_1F=256071.24054,	r_2=0.00018,	nu_2F_gen=4.72885,	Tp=1402947.14654,	T=159.26488)	
2	-69942.03101397843	(N_Anc=109.3656,	N_1F=256071.24054,	r_2=0.00018,	nu_2F_gen=4.72885,	Tp=1402947.14654,	T=159.10569)	
2	-69944.07635293112	(N_Anc=109.47502,	N_1F=256071.24054,	r_2=0.00018,	nu_2F_gen=4.72885,	Tp=1402947.14654,	T=159.10569)	
2	-69939.59434563346	(N_Anc=109.3656,	N_1F=256327.43985,	r_2=0.00018,	nu_2F_gen=4.72885,	Tp=1402947.14654,	T=159.10569)	
2	-69944.07636135268	(N_Anc=109.3656,	N_1F=256071.24054,	r_2=0.00018,	nu_2F_gen=4.73359,	Tp=1402947.14654,	T=159.10569)	
2	-69941.97649180652	(N_Anc=109.3656,	N_1F=256071.24054,	r_2=0.00018,	nu_2F_gen=4.72885,	Tp=1404350.79539,	T=159.10569)	
2	-69939.93853953498	(N_Anc=109.3656,	N_1F=256071.24054,	r_2=0.00018,	nu_2F_gen=4.72885,	Tp=1402947.14654,	T=159.26488)	
2	-69942.03101354362	(N_Anc=109.3656,	N_1F=256071.24054,	r_2=0.00018,	nu_2F_gen=4.72885,	Tp=1402947.14654,	T=159.10569)	
2	-69944.07635249544	(N_Anc=109.47502,	N_1F=256071.24054,	r_2=0.00018,	nu_2F_gen=4.72885,	Tp=1402947.14654,	T=159.10569)	
2	-69939.59434519864	(N_Anc=109.3656,	N_1F=256327.43985,	r_2=0.00018,	nu_2F_gen=4.72885,	Tp=1402947.14654,	T=159.10569)	
2	-69944.07636091698	(N_Anc=109.3656,	N_1F=256071.24054,	r_2=0.00018,	nu_2F_gen=4.73359,	Tp=1402947.14654,	T=159.10569)	
2	-69941.97649137172	(N_Anc=109.3656,	N_1F=256071.24054,	r_2=0.00018,	nu_2F_gen=4.72885,	Tp=1404350.79539,	T=159.10569)	
2	-69939.93853910059	(N_Anc=109.3656,	N_1F=256071.24054,	r_2=0.00018,	nu_2F_gen=4.72885,	Tp=1402947.14654,	T=159.26488)	
2	-69942.0310134517	(N_Anc=109.3656,	N_1F=256071.24054,	r_2=0.00018,	nu_2F_gen=4.72885,	Tp=1402947.14654,	T=159.10569)	
2	-69944.07635240338	(N_Anc=109.47502,	N_1F=256071.24054,	r_2=0.00018,	nu_2F_gen=4.72885,	Tp=1402947.14654,	T=159.10569)	
2	-69939.59434510673	(N_Anc=109.3656,	N_1F=256327.43985,	r_2=0.00018,	nu_2F_gen=4.72885,	Tp=1402947.14654,	T=159.10569)	
2	-69944.07636082493	(N_Anc=109.3656,	N_1F=256071.24054,	r_2=0.00018,	nu_2F_gen=4.73359,	Tp=1402947.14654,	T=159.10569)	
2	-69941.97649127983	(N_Anc=109.3656,	N_1F=256071.24054,	r_2=0.00018,	nu_2F_gen=4.72885,	Tp=1404350.79539,	T=159.10569)	
2	-69939.93853900877	(N_Anc=109.3656,	N_1F=256071.24054,	r_2=0.00018,	nu_2F_gen=4.72885,	Tp=1402947.14654,	T=159.26488)	
2	-69942.03101343228	(N_Anc=109.3656,	N_1F=256071.24054,	r_2=0.00018,	nu_2F_gen=4.72885,	Tp=1402947.14654,	T=159.10569)	
2	-69944.07635238394	(N_Anc=109.47502,	N_1F=256071.24054,	r_2=0.00018,	nu_2F_gen=4.72885,	Tp=1402947.14654,	T=159.10569)	
2	-69939.59434508732	(N_Anc=109.3656,	N_1F=256327.43985,	r_2=0.00018,	nu_2F_gen=4.72885,	Tp=1402947.14654,	T=159.10569)	
2	-69944.07636080547	(N_Anc=109.3656,	N_1F=256071.24054,	r_2=0.00018,	nu_2F_gen=4.73359,	Tp=1402947.14654,	T=159.10569)	
2	-69941.97649126042	(N_Anc=109.3656,	N_1F=256071.24054,	r_2=0.00018,	nu_2F_gen=4.72885,	Tp=1404350.79539,	T=159.10569)	
2	-69939.93853898937	(N_Anc=109.3656,	N_1F=256071.24054,	r_2=0.00018,	nu_2F_gen=4.72885,	Tp=1402947.14654,	T=159.26488)	
2	-69942.03101342819	(N_Anc=109.3656,	N_1F=256071.24054,	r_2=0.00018,	nu_2F_gen=4.72885,	Tp=1402947.14654,	T=159.10569)	
2	-69944.07635237981	(N_Anc=109.47502,	N_1F=256071.24054,	r_2=0.00018,	nu_2F_gen=4.72885,	Tp=1402947.14654,	T=159.10569)	
2	-69939.59434508321	(N_Anc=109.3656,	N_1F=256327.43985,	r_2=0.00018,	nu_2F_gen=4.72885,	Tp=1402947.14654,	T=159.10569)	
2	-69944.07636080134	(N_Anc=109.3656,	N_1F=256071.24054,	r_2=0.00018,	nu_2F_gen=4.73359,	Tp=1402947.14654,	T=159.10569)	
2	-69941.97649125631	(N_Anc=109.3656,	N_1F=256071.24054,	r_2=0.00018,	nu_2F_gen=4.72885,	Tp=1404350.79539,	T=159.10569)	
2	-69939.93853898528	(N_Anc=109.3656,	N_1F=256071.24054,	r_2=0.00018,	nu_2F_gen=4.72885,	Tp=1402947.14654,	T=159.26488)	
2	-69942.03101342733	(N_Anc=109.3656,	N_1F=256071.24054,	r_2=0.00018,	nu_2F_gen=4.72885,	Tp=1402947.14654,	T=159.10569)	
2	-69944.07635237894	(N_Anc=109.47502,	N_1F=256071.24054,	r_2=0.00018,	nu_2F_gen=4.72885,	Tp=1402947.14654,	T=159.10569)	
2	-69939.59434508234	(N_Anc=109.3656,	N_1F=256327.43985,	r_2=0.00018,	nu_2F_gen=4.72885,	Tp=1402947.14654,	T=159.10569)	
2	-69944.07636080049	(N_Anc=109.3656,	N_1F=256071.24054,	r_2=0.00018,	nu_2F_gen=4.73359,	Tp=1402947.14654,	T=159.10569)	
2	-69941.97649125545	(N_Anc=109.3656,	N_1F=256071.24054,	r_2=0.00018,	nu_2F_gen=4.72885,	Tp=1404350.79539,	T=159.10569)	
2	-69939.93853898441	(N_Anc=109.3656,	N_1F=256071.24054,	r_2=0.00018,	nu_2F_gen=4.72885,	Tp=1402947.14654,	T=159.26488)	
2	-69942.03101342714	(N_Anc=109.3656,	N_1F=256071.24054,	r_2=0.00018,	nu_2F_gen=4.72885,	Tp=1402947.14654,	T=159.10569)	
2	-69944.07635237875	(N_Anc=109.47502,	N_1F=256071.24054,	r_2=0.00018,	nu_2F_gen=4.72885,	Tp=1402947.14654,	T=159.10569)	
2	-69939.59434508215	(N_Anc=109.3656,	N_1F=256327.43985,	r_2=0.00018,	nu_2F_gen=4.72885,	Tp=1402947.14654,	T=159.10569)	
2	-69944.0763608003	(N_Anc=109.3656,	N_1F=256071.24054,	r_2=0.00018,	nu_2F_gen=4.73359,	Tp=1402947.14654,	T=159.10569)	
2	-69941.97649125526	(N_Anc=109.3656,	N_1F=256071.24054,	r_2=0.00018,	nu_2F_gen=4.72885,	Tp=1404350.79539,	T=159.10569)	
2	-69939.93853898424	(N_Anc=109.3656,	N_1F=256071.24054,	r_2=0.00018,	nu_2F_gen=4.72885,	Tp=1402947.14654,	T=159.26488)	
2	-69942.03101342711	(N_Anc=109.3656,	N_1F=256071.24054,	r_2=0.00018,	nu_2F_gen=4.72885,	Tp=1402947.14654,	T=159.10569)	
2	-69944.07635237872	(N_Anc=109.47502,	N_1F=256071.24054,	r_2=0.00018,	nu_2F_gen=4.72885,	Tp=1402947.14654,	T=159.10569)	
2	-69939.59434508214	(N_Anc=109.3656,	N_1F=256327.43985,	r_2=0.00018,	nu_2F_gen=4.72885,	Tp=1402947.14654,	T=159.10569)	
2	-69944.07636080025	(N_Anc=109.3656,	N_1F=256071.24054,	r_2=0.00018,	nu_2F_gen=4.73359,	Tp=1402947.14654,	T=159.10569)	
2	-69941.97649125523	(N_Anc=109.3656,	N_1F=256071.24054,	r_2=0.00018,	nu_2F_gen=4.72885,	Tp=1404350.79539,	T=159.10569)	
2	-69939.9385389842	(N_Anc=109.3656,	N_1F=256071.24054,	r_2=0.00018,	nu_2F_gen=4.72885,	Tp=1402947.14654,	T=159.26488)	
2	-69942.0310134271	(N_Anc=109.3656,	N_1F=256071.24054,	r_2=0.00018,	nu_2F_gen=4.72885,	Tp=1402947.14654,	T=159.10569)	
2	-69944.0763523787	(N_Anc=109.47502,	N_1F=256071.24054,	r_2=0.00018,	nu_2F_gen=4.72885,	Tp=1402947.14654,	T=159.10569)	
2	-69939.59434508212	(N_Anc=109.3656,	N_1F=256327.43985,	r_2=0.00018,	nu_2F_gen=4.72885,	Tp=1402947.14654,	T=159.10569)	
2	-69944.07636080026	(N_Anc=109.3656,	N_1F=256071.24054,	r_2=0.00018,	nu_2F_gen=4.73359,	Tp=1402947.14654,	T=159.10569)	
2	-69941.97649125522	(N_Anc=109.3656,	N_1F=256071.24054,	r_2=0.00018,	nu_2F_gen=4.72885,	Tp=1404350.79539,	T=159.10569)	
2	-69939.93853898419	(N_Anc=109.3656,	N_1F=256071.24054,	r_2=0.00018,	nu_2F_gen=4.72885,	Tp=1402947.14654,	T=159.26488)	
2	-69942.0310134271	(N_Anc=109.3656,	N_1F=256071.24054,	r_2=0.00018,	nu_2F_gen=4.72885,	Tp=1402947.14654,	T=159.10569)	
2	-69944.07635237869	(N_Anc=109.47502,	N_1F=256071.24054,	r_2=0.00018,	nu_2F_gen=4.72885,	Tp=1402947.14654,	T=159.10569)	
2	-69939.59434508212	(N_Anc=109.3656,	N_1F=256327.43985,	r_2=0.00018,	nu_2F_gen=4.72885,	Tp=1402947.14654,	T=159.10569)	
2	-69944.07636080025	(N_Anc=109.3656,	N_1F=256071.24054,	r_2=0.00018,	nu_2F_gen=4.73359,	Tp=1402947.14654,	T=159.10569)	
2	-69941.97649125522	(N_Anc=109.3656,	N_1F=256071.24054,	r_2=0.00018,	nu_2F_gen=4.72885,	Tp=1404350.79539,	T=159.10569)	
2	-69939.93853898419	(N_Anc=109.3656,	N_1F=256071.24054,	r_2=0.00018,	nu_2F_gen=4.72885,	Tp=1402947.14654,	T=159.26488)	
2	-69942.03101342708	(N_Anc=109.3656,	N_1F=256071.24054,	r_2=0.00018,	nu_2F_gen=4.72885,	Tp=1402947.14654,	T=159.10569)	
2	-69944.0763523787	(N_Anc=109.47502,	N_1F=256071.24054,	r_2=0.00018,	nu_2F_gen=4.72885,	Tp=1402947.14654,	T=159.10569)	
2	-69939.59434508209	(N_Anc=109.3656,	N_1F=256327.43985,	r_2=0.00018,	nu_2F_gen=4.72885,	Tp=1402947.14654,	T=159.10569)	
2	-69944.07636080025	(N_Anc=109.3656,	N_1F=256071.24054,	r_2=0.00018,	nu_2F_gen=4.73359,	Tp=1402947.14654,	T=159.10569)	
2	-69941.9764912552	(N_Anc=109.3656,	N_1F=256071.24054,	r_2=0.00018,	nu_2F_gen=4.72885,	Tp=1404350.79539,	T=159.10569)	
2	-69939.93853898419	(N_Anc=109.3656,	N_1F=256071.24054,	r_2=0.00018,	nu_2F_gen=4.72885,	Tp=1402947.14654,	T=159.26488)	
2	-69830.48642769041	(N_Anc=109.36454,	N_1F=256074.06366,	r_2=0.00089,	nu_2F_gen=4.72881,	Tp=1402947.49956,	T=159.10723)	
2	-69832.29019371854	(N_Anc=109.47396,	N_1F=256074.06366,	r_2=0.00089,	nu_2F_gen=4.72881,	Tp=1402947.49956,	T=159.10723)	
2	-69828.04598318675	(N_Anc=109.36454,	N_1F=256330.26581,	r_2=0.00089,	nu_2F_gen=4.72881,	Tp=1402947.49956,	T=159.10723)	
2	-69832.29020170019	(N_Anc=109.36454,	N_1F=256074.06366,	r_2=0.00089,	nu_2F_gen=4.73354,	Tp=1402947.49956,	T=159.10723)	
2	-69830.43469170386	(N_Anc=109.36454,	N_1F=256074.06366,	r_2=0.00089,	nu_2F_gen=4.72881,	Tp=1404351.14877,	T=159.10723)	
2	-69828.53314362718	(N_Anc=109.36454,	N_1F=256074.06366,	r_2=0.00089,	nu_2F_gen=4.72881,	Tp=1402947.49956,	T=159.26642)	
2	-69913.48624032084	(N_Anc=109.36534,	N_1F=256071.93542,	r_2=0.00035,	nu_2F_gen=4.72884,	Tp=1402947.23343,	T=159.10607)	
2	-69986.86213427356	(N_Anc=109.366,	N_1F=256070.18043,	r_2=-9.11e-05,	nu_2F_gen=4.72887,	Tp=1402947.01398,	T=159.10512)	
--Finish local optimization optimize_log--
Result:
   status: 0
 success: True
 message: GLOBAL OPTIMIZATION: MAXIMUM NUMBER OF GENERATIONS ACHIEVED; LOCAL OPTIMIZATION: 
       x: [1.09364544e+02 2.56330266e+05 8.94857914e-04 4.72880931e+00
 1.40294750e+06 1.59107231e+02]
       y: -69828.04598318675
  n_eval: 446
  n_iter: 21

