--Start global optimization Genetic_algorithm--
Generation #0.
Current generation of solutions:
N	Value of fitness function	Solution
0	-75206.022782	(N_Anc=17404.19893,	N_1F=38090.54433,	r_2=0.00073,	nu_2F_gen=9.891,	Tp=67665.86716,	T=4313.29984)	r
1	-75912.841052	(N_Anc=26695.09385,	N_1F=12522.8052,	r_2=0.00073,	nu_2F_gen=1.18282,	Tp=8167.11798,	T=2762.29887)	r
2	-76446.936483	(N_Anc=172054.25807,	N_1F=16115.12562,	r_2=-7.32e-04,	nu_2F_gen=0.01926,	Tp=28528.78699,	T=2832.98867)	r
3	-77437.825667	(N_Anc=324705.16146,	N_1F=42283.15926,	r_2=-6.64e-04,	nu_2F_gen=27.58883,	Tp=7885.92029,	T=5178.85258)	r
4	-78144.221237	(N_Anc=127448.92545,	N_1F=24790.15723,	r_2=-7.58e-04,	nu_2F_gen=0.33451,	Tp=18894.37588,	T=4376.93318)	r
5	-78456.990279	(N_Anc=698147.19289,	N_1F=23164.72923,	r_2=-2.41e-04,	nu_2F_gen=0.98884,	Tp=662.89057,	T=16143.21972)	r
6	-78542.638569	(N_Anc=52196.44275,	N_1F=16318.56118,	r_2=-5.40e-04,	nu_2F_gen=0.24621,	Tp=12233.95468,	T=15160.64717)	r
7	-79761.870542	(N_Anc=4629.78284,	N_1F=30454.84864,	r_2=-4.00e-04,	nu_2F_gen=0.31055,	Tp=24013.36291,	T=5711.20242)	r
8	-81054.136612	(N_Anc=155532.94918,	N_1F=29205.84223,	r_2=0.00092,	nu_2F_gen=0.287,	Tp=23552.55313,	T=995.49016)	r
9	-82293.792501	(N_Anc=22198.72029,	N_1F=5994.16969,	r_2=0.00014,	nu_2F_gen=1.22129,	Tp=68427.04649,	T=1031.42573)	r
10	-84918.469904	(N_Anc=1659.94288,	N_1F=22957.94285,	r_2=-5.56e-04,	nu_2F_gen=0.96273,	Tp=759.39523,	T=4216.08236)	r
11	-85749.045893	(N_Anc=2055.21732,	N_1F=13815.23303,	r_2=-9.97e-04,	nu_2F_gen=4.64591,	Tp=2615.08564,	T=6127.54746)	r
12	-85761.144212	(N_Anc=4578.59964,	N_1F=1181.55151,	r_2=0.00095,	nu_2F_gen=5.89481,	Tp=1565.01281,	T=421.4928)	r
13	-86001.931528	(N_Anc=1851.06951,	N_1F=21519.97367,	r_2=-5.01e-04,	nu_2F_gen=0.83087,	Tp=1005.85697,	T=6881.49324)	r
14	-86039.969055	(N_Anc=3335.27108,	N_1F=1126.44688,	r_2=0.00016,	nu_2F_gen=0.59507,	Tp=29062.36914,	T=167.17934)	r
15	-86597.388512	(N_Anc=65227.3524,	N_1F=2959.4692,	r_2=-4.53e-04,	nu_2F_gen=1.10596,	Tp=6393.85976,	T=560.4233)	r
16	-87086.169389	(N_Anc=13888.21601,	N_1F=615796.3213,	r_2=-2.14e-04,	nu_2F_gen=3.68285,	Tp=244857.09262,	T=11.70597)	r
17	-87555.954503	(N_Anc=6600.3944,	N_1F=806.13816,	r_2=1e-05,	nu_2F_gen=0.67181,	Tp=34565.10515,	T=196.65988)	r
18	-88142.708169	(N_Anc=83039.27678,	N_1F=268819.43908,	r_2=0.00051,	nu_2F_gen=28.61055,	Tp=314.53617,	T=17473.37473)	r
19	-88308.230132	(N_Anc=6017.36767,	N_1F=10444.55704,	r_2=-2.47e-04,	nu_2F_gen=5.78326,	Tp=414.19059,	T=149.94955)	r
20	-88982.719380	(N_Anc=550.66546,	N_1F=37692.76392,	r_2=-4.26e-04,	nu_2F_gen=0.55481,	Tp=1930.24196,	T=172.2859)	r
21	-92771.179758	(N_Anc=341.91633,	N_1F=72723.86038,	r_2=0.00066,	nu_2F_gen=1.90615,	Tp=37576.84491,	T=1342.78438)	r
22	-93623.501503	(N_Anc=112261.65902,	N_1F=907.40997,	r_2=0.00027,	nu_2F_gen=0.08909,	Tp=2732.61049,	T=1584.03055)	r
23	-94203.014389	(N_Anc=604.77637,	N_1F=5378.46198,	r_2=-6.34e-04,	nu_2F_gen=3.48905,	Tp=397.18613,	T=7055.34874)	r
24	-96094.143396	(N_Anc=1671.17373,	N_1F=4431.50578,	r_2=-3.94e-04,	nu_2F_gen=1.3829,	Tp=9482.83145,	T=14378.17943)	r
25	-98588.747061	(N_Anc=53828.1823,	N_1F=2912.93856,	r_2=-4.91e-04,	nu_2F_gen=10.97806,	Tp=656.89275,	T=10102.81592)	r
26	-100362.955250	(N_Anc=11697.84334,	N_1F=6852.04933,	r_2=-7.24e-04,	nu_2F_gen=3.3922,	Tp=31849.60714,	T=22090.53298)	r
27	-103104.445220	(N_Anc=45675.87708,	N_1F=93315.80088,	r_2=-7.28e-05,	nu_2F_gen=7.06479,	Tp=9844.39847,	T=405390.02991)	r
28	-105649.092967	(N_Anc=7876.48639,	N_1F=4686.90763,	r_2=-2.52e-04,	nu_2F_gen=0.05022,	Tp=46556.82225,	T=5683.79952)	r
29	-127469.430805	(N_Anc=205115.89267,	N_1F=620.89964,	r_2=0.0003,	nu_2F_gen=0.53529,	Tp=1072.35,	T=5426.86837)	r
30	-131003.347035	(N_Anc=255202.20333,	N_1F=555.10439,	r_2=0.00072,	nu_2F_gen=0.39439,	Tp=18427.86641,	T=4757.20126)	r
31	-139218.964478	(N_Anc=149569.14879,	N_1F=20461.56329,	r_2=0.00022,	nu_2F_gen=6.10173,	Tp=17772.68551,	T=38582.18086)	r
32	-151836.609775	(N_Anc=790.33531,	N_1F=402.46905,	r_2=4e-05,	nu_2F_gen=0.16627,	Tp=14599.99389,	T=2076.23667)	r
33	-164429.938286	(N_Anc=504.73617,	N_1F=18906.17983,	r_2=-9.01e-04,	nu_2F_gen=0.20917,	Tp=59253.8006,	T=241944.95185)	r
34	-189256.279758	(N_Anc=4653.40852,	N_1F=58179.60581,	r_2=0.00024,	nu_2F_gen=0.36835,	Tp=762.49613,	T=11806.64623)	r
35	-201389.057692	(N_Anc=19408.61902,	N_1F=6520.48985,	r_2=0.0001,	nu_2F_gen=0.45287,	Tp=14172.46863,	T=34598.82254)	r
36	-216947.064714	(N_Anc=14708.15025,	N_1F=643.67834,	r_2=-7.04e-05,	nu_2F_gen=26.27707,	Tp=2908.53775,	T=21740.53899)	r
37	-221177.132244	(N_Anc=53541.31939,	N_1F=1215.11245,	r_2=-2.44e-04,	nu_2F_gen=11.61508,	Tp=5162.54809,	T=44138.76721)	r
38	-221619.482726	(N_Anc=265.10476,	N_1F=276.87277,	r_2=-6.88e-04,	nu_2F_gen=0.9861,	Tp=570.12119,	T=9362.36237)	r
39	-253520.216744	(N_Anc=26284.40869,	N_1F=178.14142,	r_2=0.00023,	nu_2F_gen=0.6187,	Tp=10932.07503,	T=7830.49819)	r
40	-520854.209027	(N_Anc=125.17604,	N_1F=382.32471,	r_2=0.00076,	nu_2F_gen=0.219,	Tp=234071.52,	T=1840.10745)	r
41	-646380.530702	(N_Anc=2768.59381,	N_1F=6729.79209,	r_2=0.00012,	nu_2F_gen=0.11842,	Tp=11996.10069,	T=18089.01076)	r
42	-1330736.416846	(N_Anc=3147.44996,	N_1F=66460.20289,	r_2=0.00049,	nu_2F_gen=1.78808,	Tp=393.49096,	T=82052.74515)	r
43	-1331307.007038	(N_Anc=11687.3206,	N_1F=28342.7667,	r_2=0.00093,	nu_2F_gen=0.60774,	Tp=3875.30864,	T=35707.27493)	r
44	-1338655.280932	(N_Anc=177.76127,	N_1F=5261.82115,	r_2=0.00044,	nu_2F_gen=1.38056,	Tp=2342.25115,	T=10535.55637)	r
45	-1340070.447435	(N_Anc=2007.29385,	N_1F=11354.78146,	r_2=0.00083,	nu_2F_gen=0.12283,	Tp=146.7455,	T=30399.50305)	r
46	-1443543.507520	(N_Anc=569.72301,	N_1F=979.23075,	r_2=-5.83e-04,	nu_2F_gen=3.21434,	Tp=2064.10107,	T=591694.50626)	r
47	-1448825.866137	(N_Anc=5214.94723,	N_1F=157.49746,	r_2=-4.99e-04,	nu_2F_gen=0.20222,	Tp=4834.73925,	T=107980.6682)	r
48	-1465262.930694	(N_Anc=2906.0625,	N_1F=517.39553,	r_2=0.00061,	nu_2F_gen=0.68861,	Tp=157.53295,	T=275583.29074)	r
49	-1478206.901957	(N_Anc=130.16856,	N_1F=190.17264,	r_2=0.00038,	nu_2F_gen=0.16737,	Tp=8154.28732,	T=92663.43094)	r
Current mean mutation rate:	 0.453272
Current mean number of params to change during mutation:	  3

--Best solution by value of fitness function--
Value of fitness: -75206.0227824202
Solution:		(N_Anc=17404.19893,	N_1F=38090.54433,	r_2=0.00073,	nu_2F_gen=9.891,	Tp=67665.86716,	T=4313.29984)	r

Mean time:	nan sec.



Generation #1.
Current generation of solutions:
N	Value of fitness function	Solution
0	-72941.002854	(N_Anc=17404.19893,	N_1F=59543.75892,	r_2=0.001,	nu_2F_gen=9.891,	Tp=67665.86716,	T=4313.29984)	mm
1	-74485.610600	(N_Anc=337630.69771,	N_1F=41807.27839,	r_2=-2.41e-04,	nu_2F_gen=0.98884,	Tp=339.95435,	T=12164.12119)	mmmm
2	-74712.520517	(N_Anc=100446.12472,	N_1F=22562.66031,	r_2=-1.00e-03,	nu_2F_gen=0.02888,	Tp=28528.78699,	T=4047.4733)	mmmmm
3	-75206.022782	(N_Anc=17404.19893,	N_1F=38090.54433,	r_2=0.00073,	nu_2F_gen=9.891,	Tp=67665.86716,	T=4313.29984)	r
4	-75751.572977	(N_Anc=34482.3252,	N_1F=12522.8052,	r_2=0.00073,	nu_2F_gen=0.59551,	Tp=8167.11798,	T=3691.76814)	mmm
5	-75912.841052	(N_Anc=26695.09385,	N_1F=12522.8052,	r_2=0.00073,	nu_2F_gen=1.18282,	Tp=8167.11798,	T=2762.29887)	r
6	-78816.844532	(N_Anc=52196.44275,	N_1F=24177.06705,	r_2=-5.40e-04,	nu_2F_gen=0.30358,	Tp=8097.5941,	T=25229.56848)	mmmm
7	-79810.509550	(N_Anc=4629.78284,	N_1F=16318.56118,	r_2=-5.40e-04,	nu_2F_gen=0.31055,	Tp=12233.95468,	T=5711.20242)	c
8	-1333731.074034	(N_Anc=1537.07048,	N_1F=16389.32663,	r_2=0.00095,	nu_2F_gen=0.79601,	Tp=4852.86231,	T=16061.53689)	r
Current mean mutation rate:	 0.451034
Current mean number of params to change during mutation:	  3

--Best solution by value of fitness function--
Value of fitness: -72941.00285394867
Solution:		(N_Anc=17404.19893,	N_1F=59543.75892,	r_2=0.001,	nu_2F_gen=9.891,	Tp=67665.86716,	T=4313.29984)	mm

Mean time:	3.934 sec.



Generation #2.
Current generation of solutions:
N	Value of fitness function	Solution
0	-72941.002854	(N_Anc=17404.19893,	N_1F=59543.75892,	r_2=0.001,	nu_2F_gen=9.891,	Tp=67665.86716,	T=4313.29984)	mm
1	-73558.491862	(N_Anc=68703.03946,	N_1F=35616.06083,	r_2=-1.00e-03,	nu_2F_gen=0.04294,	Tp=13268.9135,	T=2417.47705)	mmmmmm
2	-73882.517772	(N_Anc=337630.69771,	N_1F=68374.35544,	r_2=-3.61e-04,	nu_2F_gen=0.98884,	Tp=339.95435,	T=16868.95302)	mmm
3	-74485.610600	(N_Anc=337630.69771,	N_1F=41807.27839,	r_2=-2.41e-04,	nu_2F_gen=0.98884,	Tp=339.95435,	T=12164.12119)	mmmm
4	-74571.708519	(N_Anc=26695.09385,	N_1F=23293.88439,	r_2=0.00073,	nu_2F_gen=0.69028,	Tp=9515.63525,	T=3608.36091)	mmmm
5	-74638.700749	(N_Anc=107508.52588,	N_1F=22562.66031,	r_2=-1.00e-03,	nu_2F_gen=0.02888,	Tp=28528.78699,	T=6676.43511)	mmm
6	-74890.382252	(N_Anc=26695.09385,	N_1F=20437.24368,	r_2=0.00073,	nu_2F_gen=1.18282,	Tp=7732.97179,	T=2762.29887)	mm
7	-81934.390631	(N_Anc=4264.9591,	N_1F=40353.60608,	r_2=-6.92e-04,	nu_2F_gen=0.48983,	Tp=2032.22084,	T=15239.94427)	r
8	-1329591.447590	(N_Anc=1537.07048,	N_1F=59543.75892,	r_2=0.001,	nu_2F_gen=9.891,	Tp=67665.86716,	T=16061.53689)	c
Current mean mutation rate:	 0.448806
Current mean number of params to change during mutation:	  3

--Best solution by value of fitness function--
Value of fitness: -72941.00285394867
Solution:		(N_Anc=17404.19893,	N_1F=59543.75892,	r_2=0.001,	nu_2F_gen=9.891,	Tp=67665.86716,	T=4313.29984)	mm

Mean time:	3.893 sec.



Generation #3.
Current generation of solutions:
N	Value of fitness function	Solution
0	-72941.002854	(N_Anc=17404.19893,	N_1F=59543.75892,	r_2=0.001,	nu_2F_gen=9.891,	Tp=67665.86716,	T=4313.29984)	mm
1	-73558.491862	(N_Anc=68703.03946,	N_1F=35616.06083,	r_2=-1.00e-03,	nu_2F_gen=0.04294,	Tp=13268.9135,	T=2417.47705)	mmmmmm
2	-73571.733582	(N_Anc=135912.02851,	N_1F=37664.83244,	r_2=-7.41e-04,	nu_2F_gen=0.04102,	Tp=39897.00121,	T=6676.43511)	mmmmm
3	-74364.782917	(N_Anc=413089.54738,	N_1F=41807.27839,	r_2=-2.41e-04,	nu_2F_gen=1.44491,	Tp=110.46717,	T=12164.12119)	mmm
4	-74389.753050	(N_Anc=437124.17798,	N_1F=51473.96241,	r_2=-3.88e-04,	nu_2F_gen=1.1648,	Tp=172.96822,	T=6703.41633)	mmmmmm
5	-74893.598014	(N_Anc=337630.69771,	N_1F=40353.60608,	r_2=-2.41e-04,	nu_2F_gen=0.48983,	Tp=2032.22084,	T=15239.94427)	c
6	-78054.824429	(N_Anc=17404.19893,	N_1F=59543.75892,	r_2=0.001,	nu_2F_gen=9.891,	Tp=32581.28525,	T=2883.12099)	mmm
7	-81714.102342	(N_Anc=5753.9191,	N_1F=26196.45862,	r_2=-9.52e-04,	nu_2F_gen=0.77649,	Tp=2032.22084,	T=15239.94427)	mmmm
8	-219158.991468	(N_Anc=830.12006,	N_1F=857.11401,	r_2=-3.75e-04,	nu_2F_gen=0.35478,	Tp=13342.54141,	T=26057.15791)	r
Current mean mutation rate:	 0.446590
Current mean number of params to change during mutation:	  3

--Best solution by value of fitness function--
Value of fitness: -72941.00285394867
Solution:		(N_Anc=17404.19893,	N_1F=59543.75892,	r_2=0.001,	nu_2F_gen=9.891,	Tp=67665.86716,	T=4313.29984)	mm

Mean time:	3.896 sec.



Generation #4.
Current generation of solutions:
N	Value of fitness function	Solution
0	-72941.002854	(N_Anc=17404.19893,	N_1F=59543.75892,	r_2=0.001,	nu_2F_gen=9.891,	Tp=67665.86716,	T=4313.29984)	mm
1	-73558.491862	(N_Anc=68703.03946,	N_1F=35616.06083,	r_2=-1.00e-03,	nu_2F_gen=0.04294,	Tp=13268.9135,	T=2417.47705)	mmmmmm
2	-73604.978999	(N_Anc=125420.41514,	N_1F=40353.60608,	r_2=-2.41e-04,	nu_2F_gen=0.2743,	Tp=2032.22084,	T=15239.94427)	mm
3	-73802.993603	(N_Anc=24610.61536,	N_1F=59543.75892,	r_2=0.001,	nu_2F_gen=12.55855,	Tp=67665.86716,	T=4313.29984)	mmm
4	-73890.874637	(N_Anc=637490.41444,	N_1F=51473.96241,	r_2=-3.88e-04,	nu_2F_gen=1.74698,	Tp=172.96822,	T=6703.41633)	mm
5	-74286.407946	(N_Anc=202385.72605,	N_1F=37664.83244,	r_2=-3.82e-04,	nu_2F_gen=0.04102,	Tp=39897.00121,	T=3885.25319)	mmm
6	-76034.081331	(N_Anc=135912.02851,	N_1F=37664.83244,	r_2=-3.75e-04,	nu_2F_gen=0.35478,	Tp=13342.54141,	T=26057.15791)	c
7	-80200.890620	(N_Anc=4120.23932,	N_1F=14593.36386,	r_2=-1.00e-03,	nu_2F_gen=0.37943,	Tp=2805.78097,	T=6165.34234)	mmmmmm
8	-106391.107884	(N_Anc=3916.90536,	N_1F=17993.46207,	r_2=-6.57e-04,	nu_2F_gen=3.86738,	Tp=2114.44151,	T=67092.48347)	r
Current mean mutation rate:	 0.444384
Current mean number of params to change during mutation:	  3

--Best solution by value of fitness function--
Value of fitness: -72941.00285394867
Solution:		(N_Anc=17404.19893,	N_1F=59543.75892,	r_2=0.001,	nu_2F_gen=9.891,	Tp=67665.86716,	T=4313.29984)	mm

Mean time:	3.903 sec.



Generation #5.
Current generation of solutions:
N	Value of fitness function	Solution
0	-72336.633676	(N_Anc=38547.94002,	N_1F=59543.75892,	r_2=0.001,	nu_2F_gen=5.03142,	Tp=50590.56014,	T=4313.29984)	mmm
1	-72941.002854	(N_Anc=17404.19893,	N_1F=59543.75892,	r_2=0.001,	nu_2F_gen=9.891,	Tp=67665.86716,	T=4313.29984)	mm
2	-73558.491862	(N_Anc=68703.03946,	N_1F=35616.06083,	r_2=-1.00e-03,	nu_2F_gen=0.04294,	Tp=13268.9135,	T=2417.47705)	mmmmmm
3	-75786.589482	(N_Anc=125420.41514,	N_1F=40353.60608,	r_2=0.001,	nu_2F_gen=0.2743,	Tp=2032.22084,	T=4313.29984)	c
4	-76191.506281	(N_Anc=11361.2636,	N_1F=29188.35867,	r_2=-6.99e-04,	nu_2F_gen=0.54947,	Tp=43819.92372,	T=2471.14691)	r
5	-77444.591364	(N_Anc=202385.72605,	N_1F=37664.83244,	r_2=-4.74e-04,	nu_2F_gen=0.0719,	Tp=39897.00121,	T=2274.20146)	mmm
6	-79282.968384	(N_Anc=4120.23932,	N_1F=14593.36386,	r_2=-1.00e-03,	nu_2F_gen=0.53853,	Tp=1885.17505,	T=3952.70661)	mmm
7	-79554.026348	(N_Anc=5864.77887,	N_1F=10708.90781,	r_2=-1.00e-03,	nu_2F_gen=0.37943,	Tp=4396.62125,	T=6165.34234)	mmm
8	-99874.680042	(N_Anc=3916.90536,	N_1F=14279.45088,	r_2=-1.86e-04,	nu_2F_gen=3.86738,	Tp=2114.44151,	T=48804.62475)	mmm
Current mean mutation rate:	 0.453272
Current mean number of params to change during mutation:	  3

--Best solution by value of fitness function--
Value of fitness: -72336.63367563303
Solution:		(N_Anc=38547.94002,	N_1F=59543.75892,	r_2=0.001,	nu_2F_gen=5.03142,	Tp=50590.56014,	T=4313.29984)	mmm

Mean time:	3.889 sec.



Generation #6.
Current generation of solutions:
N	Value of fitness function	Solution
0	-71732.107044	(N_Anc=59551.25053,	N_1F=59543.75892,	r_2=0.001,	nu_2F_gen=7.90668,	Tp=33144.24987,	T=5267.44531)	mmmmm
1	-72336.633676	(N_Anc=38547.94002,	N_1F=59543.75892,	r_2=0.001,	nu_2F_gen=5.03142,	Tp=50590.56014,	T=4313.29984)	mmm
2	-72941.002854	(N_Anc=17404.19893,	N_1F=59543.75892,	r_2=0.001,	nu_2F_gen=9.891,	Tp=67665.86716,	T=4313.29984)	mm
3	-73667.062467	(N_Anc=38547.94002,	N_1F=31967.95586,	r_2=0.001,	nu_2F_gen=8.29717,	Tp=62510.59221,	T=4643.55563)	mmmm
4	-74169.689753	(N_Anc=60964.27519,	N_1F=44357.20805,	r_2=0.001,	nu_2F_gen=7.06188,	Tp=22203.17345,	T=4313.29984)	mmmm
5	-81669.158651	(N_Anc=7894.24989,	N_1F=6042.14649,	r_2=-1.00e-03,	nu_2F_gen=0.23029,	Tp=2183.86481,	T=6165.34234)	mmmm
6	-89891.275703	(N_Anc=3916.90536,	N_1F=59543.75892,	r_2=0.001,	nu_2F_gen=5.03142,	Tp=2114.44151,	T=4313.29984)	c
7	-96979.574920	(N_Anc=1094.98266,	N_1F=23979.32757,	r_2=-1.86e-04,	nu_2F_gen=2.74579,	Tp=1598.59252,	T=31387.49448)	mmmmm
8	-1335221.890495	(N_Anc=1902.018,	N_1F=18324.55204,	r_2=0.00089,	nu_2F_gen=8.80325,	Tp=6621.25549,	T=105827.39734)	r
Current mean mutation rate:	 0.462337
Current mean number of params to change during mutation:	  3

--Best solution by value of fitness function--
Value of fitness: -71732.10704448697
Solution:		(N_Anc=59551.25053,	N_1F=59543.75892,	r_2=0.001,	nu_2F_gen=7.90668,	Tp=33144.24987,	T=5267.44531)	mmmmm

Mean time:	4.049 sec.



Generation #7.
Current generation of solutions:
N	Value of fitness function	Solution
0	-71732.107044	(N_Anc=59551.25053,	N_1F=59543.75892,	r_2=0.001,	nu_2F_gen=7.90668,	Tp=33144.24987,	T=5267.44531)	mmmmm
1	-72336.633676	(N_Anc=38547.94002,	N_1F=59543.75892,	r_2=0.001,	nu_2F_gen=5.03142,	Tp=50590.56014,	T=4313.29984)	mmm
2	-72536.842091	(N_Anc=104150.87202,	N_1F=65550.18941,	r_2=0.001,	nu_2F_gen=10.6746,	Tp=26600.76594,	T=7345.55314)	mmmmm
3	-73150.751098	(N_Anc=27017.69363,	N_1F=72594.36273,	r_2=0.001,	nu_2F_gen=7.06188,	Tp=22203.17345,	T=4313.29984)	mm
4	-73254.626952	(N_Anc=27874.3315,	N_1F=94273.41147,	r_2=0.001,	nu_2F_gen=9.891,	Tp=67665.86716,	T=4313.29984)	mmm
5	-73584.972946	(N_Anc=38547.94002,	N_1F=31967.95586,	r_2=0.001,	nu_2F_gen=7.90668,	Tp=62510.59221,	T=4643.55563)	c
6	-75585.863610	(N_Anc=38547.94002,	N_1F=34608.07019,	r_2=0.0002,	nu_2F_gen=2.65148,	Tp=74655.9937,	T=5992.47539)	mmmmm
7	-80315.696532	(N_Anc=32775.17289,	N_1F=61882.1164,	r_2=0.001,	nu_2F_gen=9.21169,	Tp=12963.80266,	T=2269.09281)	mmmmm
8	-93157.049222	(N_Anc=6042.83485,	N_1F=19167.91828,	r_2=-3.99e-04,	nu_2F_gen=0.08091,	Tp=243122.21088,	T=11115.97559)	r
Current mean mutation rate:	 0.460054
Current mean number of params to change during mutation:	  3

--Best solution by value of fitness function--
Value of fitness: -71732.10704448697
Solution:		(N_Anc=59551.25053,	N_1F=59543.75892,	r_2=0.001,	nu_2F_gen=7.90668,	Tp=33144.24987,	T=5267.44531)	mmmmm

Mean time:	4.047 sec.



Generation #8.
Current generation of solutions:
N	Value of fitness function	Solution
0	-71732.107044	(N_Anc=59551.25053,	N_1F=59543.75892,	r_2=0.001,	nu_2F_gen=7.90668,	Tp=33144.24987,	T=5267.44531)	mmmmm
1	-72336.633676	(N_Anc=38547.94002,	N_1F=59543.75892,	r_2=0.001,	nu_2F_gen=5.03142,	Tp=50590.56014,	T=4313.29984)	mmm
2	-72761.459298	(N_Anc=27017.69363,	N_1F=59543.75892,	r_2=0.001,	nu_2F_gen=7.06188,	Tp=50590.56014,	T=4313.29984)	c
3	-73264.653374	(N_Anc=40571.24255,	N_1F=72594.36273,	r_2=0.001,	nu_2F_gen=10.84217,	Tp=18573.74529,	T=6287.64875)	mmmm
4	-73533.057445	(N_Anc=27874.3315,	N_1F=31030.91917,	r_2=0.001,	nu_2F_gen=15.57135,	Tp=27828.44158,	T=5485.43985)	mmmm
5	-75003.291365	(N_Anc=57592.97672,	N_1F=18999.07946,	r_2=0.001,	nu_2F_gen=5.03142,	Tp=81467.89584,	T=4714.24063)	mmmm
6	-76148.459811	(N_Anc=38547.94002,	N_1F=34608.07019,	r_2=0.0002,	nu_2F_gen=3.50644,	Tp=74655.9937,	T=5992.47539)	m
7	-78202.327338	(N_Anc=37984.25638,	N_1F=72594.36273,	r_2=0.001,	nu_2F_gen=7.06188,	Tp=22203.17345,	T=2823.58994)	mm
8	-100511.187906	(N_Anc=325.34211,	N_1F=103417.18634,	r_2=-8.22e-04,	nu_2F_gen=5.5147,	Tp=1800.72399,	T=59854.80019)	r
Current mean mutation rate:	 0.457782
Current mean number of params to change during mutation:	  3

--Best solution by value of fitness function--
Value of fitness: -71732.10704448697
Solution:		(N_Anc=59551.25053,	N_1F=59543.75892,	r_2=0.001,	nu_2F_gen=7.90668,	Tp=33144.24987,	T=5267.44531)	mmmmm

Mean time:	4.069 sec.



Generation #9.
Current generation of solutions:
N	Value of fitness function	Solution
0	-71732.107044	(N_Anc=59551.25053,	N_1F=59543.75892,	r_2=0.001,	nu_2F_gen=7.90668,	Tp=33144.24987,	T=5267.44531)	mmmmm
1	-71808.939590	(N_Anc=59551.25053,	N_1F=59543.75892,	r_2=0.001,	nu_2F_gen=3.85364,	Tp=47749.3293,	T=5267.44531)	mmm
2	-72047.164320	(N_Anc=71174.729,	N_1F=59543.75892,	r_2=0.00046,	nu_2F_gen=2.39194,	Tp=33144.24987,	T=6889.33812)	mmmm
3	-72205.972290	(N_Anc=27017.69363,	N_1F=59543.75892,	r_2=0.001,	nu_2F_gen=3.98626,	Tp=79318.81237,	T=4313.29984)	mm
4	-72336.633676	(N_Anc=38547.94002,	N_1F=59543.75892,	r_2=0.001,	nu_2F_gen=5.03142,	Tp=50590.56014,	T=4313.29984)	mmm
5	-72761.459298	(N_Anc=27017.69363,	N_1F=59543.75892,	r_2=0.001,	nu_2F_gen=7.06188,	Tp=50590.56014,	T=4313.29984)	c
6	-75556.564064	(N_Anc=59551.25053,	N_1F=59543.75892,	r_2=0.001,	nu_2F_gen=2.57713,	Tp=13860.98214,	T=2916.92645)	mmmm
7	-78927.360709	(N_Anc=3691.97582,	N_1F=33891.33403,	r_2=-9.64e-04,	nu_2F_gen=0.6741,	Tp=26469.71645,	T=17716.70793)	r
8	-80275.147190	(N_Anc=38547.94002,	N_1F=59543.75892,	r_2=0.001,	nu_2F_gen=5.03142,	Tp=64719.32976,	T=1766.25787)	mmm
Current mean mutation rate:	 0.455522
Current mean number of params to change during mutation:	  3

--Best solution by value of fitness function--
Value of fitness: -71732.10704448697
Solution:		(N_Anc=59551.25053,	N_1F=59543.75892,	r_2=0.001,	nu_2F_gen=7.90668,	Tp=33144.24987,	T=5267.44531)	mmmmm

Mean time:	4.051 sec.



Generation #10.
Current generation of solutions:
N	Value of fitness function	Solution
0	-71732.107044	(N_Anc=59551.25053,	N_1F=59543.75892,	r_2=0.001,	nu_2F_gen=7.90668,	Tp=33144.24987,	T=5267.44531)	mmmmm
1	-71808.939590	(N_Anc=59551.25053,	N_1F=59543.75892,	r_2=0.001,	nu_2F_gen=3.85364,	Tp=47749.3293,	T=5267.44531)	mmm
2	-77043.454307	(N_Anc=71174.729,	N_1F=59543.75892,	r_2=0.00046,	nu_2F_gen=3.98626,	Tp=33144.24987,	T=4313.29984)	c
3	-77688.757894	(N_Anc=50869.2653,	N_1F=59543.75892,	r_2=0.001,	nu_2F_gen=6.63342,	Tp=64719.32976,	T=2973.60806)	mmmm
4	-78297.646823	(N_Anc=6099.7186,	N_1F=52325.48168,	r_2=-1.00e-03,	nu_2F_gen=0.93436,	Tp=26469.71645,	T=10484.19127)	mmmmm
5	-78963.723949	(N_Anc=3691.97582,	N_1F=33891.33403,	r_2=-1.00e-03,	nu_2F_gen=0.6741,	Tp=26469.71645,	T=17716.70793)	m
6	-79796.211763	(N_Anc=21804.21715,	N_1F=70534.74754,	r_2=0.001,	nu_2F_gen=7.75201,	Tp=50590.56014,	T=2198.27981)	mmmm
7	-80730.844478	(N_Anc=17873.67914,	N_1F=59543.75892,	r_2=0.001,	nu_2F_gen=10.91149,	Tp=71000.60574,	T=1930.15825)	mmmm
8	-98093.307304	(N_Anc=52324.60815,	N_1F=1579.0705,	r_2=-8.02e-06,	nu_2F_gen=0.69258,	Tp=12050.27965,	T=4296.64257)	r
Current mean mutation rate:	 0.453272
Current mean number of params to change during mutation:	  3

--Best solution by value of fitness function--
Value of fitness: -71732.10704448697
Solution:		(N_Anc=59551.25053,	N_1F=59543.75892,	r_2=0.001,	nu_2F_gen=7.90668,	Tp=33144.24987,	T=5267.44531)	mmmmm

Mean time:	4.002 sec.



Generation #11.
Current generation of solutions:
N	Value of fitness function	Solution
0	-71390.065138	(N_Anc=71174.729,	N_1F=59543.75892,	r_2=0.001,	nu_2F_gen=3.98626,	Tp=33144.24987,	T=5267.44531)	c
1	-71487.890570	(N_Anc=59551.25053,	N_1F=59543.75892,	r_2=0.001,	nu_2F_gen=5.50261,	Tp=47749.3293,	T=5267.44531)	mm
2	-71732.107044	(N_Anc=59551.25053,	N_1F=59543.75892,	r_2=0.001,	nu_2F_gen=7.90668,	Tp=33144.24987,	T=5267.44531)	mmmmm
3	-71808.939590	(N_Anc=59551.25053,	N_1F=59543.75892,	r_2=0.001,	nu_2F_gen=3.85364,	Tp=47749.3293,	T=5267.44531)	mmm
4	-76808.183029	(N_Anc=28674.77389,	N_1F=84959.25926,	r_2=0.001,	nu_2F_gen=6.63342,	Tp=64719.32976,	T=2973.60806)	mmm
5	-77040.168296	(N_Anc=95772.58152,	N_1F=42782.20485,	r_2=0.00026,	nu_2F_gen=5.17556,	Tp=16472.01638,	T=5690.22442)	mmmmmm
6	-79163.203232	(N_Anc=32263.68597,	N_1F=9161.89238,	r_2=0.001,	nu_2F_gen=8.74489,	Tp=64719.32976,	T=4611.3371)	mmmmm
7	-83666.569055	(N_Anc=3691.97582,	N_1F=22287.16608,	r_2=-1.00e-03,	nu_2F_gen=1.03006,	Tp=8549.87563,	T=17716.70793)	mmmm
8	-1349948.596852	(N_Anc=424775.7053,	N_1F=883.0511,	r_2=0.00097,	nu_2F_gen=3.47144,	Tp=43110.79866,	T=15885.22742)	r
Current mean mutation rate:	 0.462337
Current mean number of params to change during mutation:	  3

--Best solution by value of fitness function--
Value of fitness: -71390.06513800753
Solution:		(N_Anc=71174.729,	N_1F=59543.75892,	r_2=0.001,	nu_2F_gen=3.98626,	Tp=33144.24987,	T=5267.44531)	c

Mean time:	4.043 sec.



Generation #12.
Current generation of solutions:
N	Value of fitness function	Solution
0	-71390.065138	(N_Anc=71174.729,	N_1F=59543.75892,	r_2=0.001,	nu_2F_gen=3.98626,	Tp=33144.24987,	T=5267.44531)	c
1	-71487.890570	(N_Anc=59551.25053,	N_1F=59543.75892,	r_2=0.001,	nu_2F_gen=5.50261,	Tp=47749.3293,	T=5267.44531)	mm
2	-72854.911974	(N_Anc=15313.54162,	N_1F=84959.25926,	r_2=0.001,	nu_2F_gen=9.87679,	Tp=79688.16157,	T=4249.11267)	mmmmm
3	-78591.845750	(N_Anc=59551.25053,	N_1F=41525.13082,	r_2=0.001,	nu_2F_gen=9.60179,	Tp=20477.53181,	T=2975.99948)	mmmm
4	-78754.108607	(N_Anc=59551.25053,	N_1F=94281.24676,	r_2=0.001,	nu_2F_gen=6.33589,	Tp=47749.3293,	T=2621.08706)	mmmm
5	-79730.582536	(N_Anc=146010.39523,	N_1F=165540.04324,	r_2=-1.40e-04,	nu_2F_gen=3.85954,	Tp=2206.41186,	T=2563.58439)	r
6	-79978.202130	(N_Anc=37058.82061,	N_1F=59543.75892,	r_2=0.001,	nu_2F_gen=6.66494,	Tp=33144.24987,	T=2103.24342)	mmm
7	-80057.445739	(N_Anc=28674.77389,	N_1F=9161.89238,	r_2=0.001,	nu_2F_gen=8.74489,	Tp=64719.32976,	T=2973.60806)	c
8	-81146.189239	(N_Anc=2786.25276,	N_1F=31426.10318,	r_2=-1.00e-03,	nu_2F_gen=0.57012,	Tp=15778.32187,	T=17716.70793)	mmmmm
Current mean mutation rate:	 0.460054
Current mean number of params to change during mutation:	  3

--Best solution by value of fitness function--
Value of fitness: -71390.06513800753
Solution:		(N_Anc=71174.729,	N_1F=59543.75892,	r_2=0.001,	nu_2F_gen=3.98626,	Tp=33144.24987,	T=5267.44531)	c

Mean time:	4.032 sec.



Generation #13.
Current generation of solutions:
N	Value of fitness function	Solution
0	-71390.065138	(N_Anc=71174.729,	N_1F=59543.75892,	r_2=0.001,	nu_2F_gen=3.98626,	Tp=33144.24987,	T=5267.44531)	c
1	-71457.132390	(N_Anc=71174.729,	N_1F=59543.75892,	r_2=0.001,	nu_2F_gen=3.98626,	Tp=33144.24987,	T=4905.14588)	mm
2	-71487.890570	(N_Anc=59551.25053,	N_1F=59543.75892,	r_2=0.001,	nu_2F_gen=5.50261,	Tp=47749.3293,	T=5267.44531)	mm
3	-73061.120914	(N_Anc=71174.729,	N_1F=59543.75892,	r_2=0.001,	nu_2F_gen=2.01863,	Tp=15741.17918,	T=5267.44531)	mmm
4	-77495.698511	(N_Anc=146010.39523,	N_1F=65739.91623,	r_2=-2.49e-04,	nu_2F_gen=1.62171,	Tp=1296.18653,	T=4139.75353)	mmmmm
5	-78777.938354	(N_Anc=15313.54162,	N_1F=49876.845,	r_2=0.001,	nu_2F_gen=9.87679,	Tp=79688.16157,	T=2335.11349)	mmm
6	-79263.372968	(N_Anc=59551.25053,	N_1F=94281.24676,	r_2=0.001,	nu_2F_gen=8.74489,	Tp=64719.32976,	T=2621.08706)	c
7	-81533.798020	(N_Anc=41919.08997,	N_1F=131030.20701,	r_2=0.001,	nu_2F_gen=8.5632,	Tp=36375.60783,	T=1766.05821)	mmmmmm
8	-136970.297201	(N_Anc=17212.30775,	N_1F=727.46925,	r_2=-5.43e-04,	nu_2F_gen=1.38399,	Tp=745.8969,	T=9497.62316)	r
Current mean mutation rate:	 0.457782
Current mean number of params to change during mutation:	  3

--Best solution by value of fitness function--
Value of fitness: -71390.06513800753
Solution:		(N_Anc=71174.729,	N_1F=59543.75892,	r_2=0.001,	nu_2F_gen=3.98626,	Tp=33144.24987,	T=5267.44531)	c

Mean time:	4.025 sec.



Generation #14.
Current generation of solutions:
N	Value of fitness function	Solution
0	-71390.065138	(N_Anc=71174.729,	N_1F=59543.75892,	r_2=0.001,	nu_2F_gen=3.98626,	Tp=33144.24987,	T=5267.44531)	c
1	-71457.132390	(N_Anc=71174.729,	N_1F=59543.75892,	r_2=0.001,	nu_2F_gen=3.98626,	Tp=33144.24987,	T=4905.14588)	mm
2	-76141.161438	(N_Anc=59551.25053,	N_1F=94281.24676,	r_2=0.001,	nu_2F_gen=8.74489,	Tp=64719.32976,	T=3743.12326)	mm
3	-77193.418618	(N_Anc=68597.75449,	N_1F=65739.91623,	r_2=-1.14e-04,	nu_2F_gen=2.27382,	Tp=1296.18653,	T=6072.03611)	mmmm
4	-77775.579155	(N_Anc=59551.25053,	N_1F=43928.88899,	r_2=0.001,	nu_2F_gen=8.74489,	Tp=89129.48916,	T=3301.05453)	mmm
5	-89756.151449	(N_Anc=8627.98487,	N_1F=5223.53866,	r_2=0.00017,	nu_2F_gen=5.14168,	Tp=1558.15002,	T=14.83308)	r
6	-115888.347243	(N_Anc=146010.39523,	N_1F=727.46925,	r_2=-5.43e-04,	nu_2F_gen=1.62171,	Tp=745.8969,	T=4139.75353)	c
7	-117903.504198	(N_Anc=28962.34731,	N_1F=1180.69221,	r_2=-1.90e-04,	nu_2F_gen=1.79386,	Tp=582.46402,	T=9497.62316)	mmmmm
8	-157816.381438	(N_Anc=17212.30775,	N_1F=507.07954,	r_2=-8.89e-04,	nu_2F_gen=1.79709,	Tp=224.98912,	T=9497.62316)	mmmm
Current mean mutation rate:	 0.455522
Current mean number of params to change during mutation:	  3

--Best solution by value of fitness function--
Value of fitness: -71390.06513800753
Solution:		(N_Anc=71174.729,	N_1F=59543.75892,	r_2=0.001,	nu_2F_gen=3.98626,	Tp=33144.24987,	T=5267.44531)	c

Mean time:	4.010 sec.



Generation #15.
Current generation of solutions:
N	Value of fitness function	Solution
0	-71390.065138	(N_Anc=71174.729,	N_1F=59543.75892,	r_2=0.001,	nu_2F_gen=3.98626,	Tp=33144.24987,	T=5267.44531)	c
1	-71457.132390	(N_Anc=71174.729,	N_1F=59543.75892,	r_2=0.001,	nu_2F_gen=3.98626,	Tp=33144.24987,	T=4905.14588)	mm
2	-71457.132390	(N_Anc=71174.729,	N_1F=59543.75892,	r_2=0.001,	nu_2F_gen=3.98626,	Tp=33144.24987,	T=4905.14588)	c
3	-72451.771336	(N_Anc=104777.87245,	N_1F=36244.11101,	r_2=0.001,	nu_2F_gen=3.98626,	Tp=33144.24987,	T=5267.44531)	mm
4	-89128.951286	(N_Anc=15455.09336,	N_1F=5223.53866,	r_2=0.00017,	nu_2F_gen=4.66252,	Tp=1558.15002,	T=21.24592)	mmm
5	-105778.862317	(N_Anc=50719.54267,	N_1F=968.0767,	r_2=-1.95e-04,	nu_2F_gen=0.94002,	Tp=373.53934,	T=4139.75353)	mmmmm
6	-123314.158117	(N_Anc=146010.39523,	N_1F=835.49878,	r_2=-9.34e-04,	nu_2F_gen=0.82341,	Tp=1078.01246,	T=6703.80342)	mmmmm
7	-125180.631844	(N_Anc=8331.17212,	N_1F=845.4708,	r_2=-1.00e-03,	nu_2F_gen=3.01061,	Tp=119.03422,	T=7866.04675)	mmmmmm
8	-153741.103786	(N_Anc=69572.77648,	N_1F=73135.24303,	r_2=0.00088,	nu_2F_gen=5.52321,	Tp=73118.31314,	T=10470.49168)	r
Current mean mutation rate:	 0.453272
Current mean number of params to change during mutation:	  3

--Best solution by value of fitness function--
Value of fitness: -71390.06513800753
Solution:		(N_Anc=71174.729,	N_1F=59543.75892,	r_2=0.001,	nu_2F_gen=3.98626,	Tp=33144.24987,	T=5267.44531)	c

Mean time:	3.996 sec.



Generation #16.
Current generation of solutions:
N	Value of fitness function	Solution
0	-71288.764430	(N_Anc=71174.729,	N_1F=81036.32249,	r_2=0.001,	nu_2F_gen=4.93982,	Tp=48805.64963,	T=4905.14588)	mmm
1	-71390.065138	(N_Anc=71174.729,	N_1F=59543.75892,	r_2=0.001,	nu_2F_gen=3.98626,	Tp=33144.24987,	T=5267.44531)	c
2	-71457.132390	(N_Anc=71174.729,	N_1F=59543.75892,	r_2=0.001,	nu_2F_gen=3.98626,	Tp=33144.24987,	T=4905.14588)	mm
3	-72804.871576	(N_Anc=71174.729,	N_1F=87792.21853,	r_2=0.001,	nu_2F_gen=1.99581,	Tp=22247.33211,	T=5267.44531)	mmmm
4	-74028.554208	(N_Anc=29239.58562,	N_1F=36718.59971,	r_2=0.001,	nu_2F_gen=3.98626,	Tp=49294.11969,	T=4905.14588)	mmmm
5	-88215.597473	(N_Anc=29978.46239,	N_1F=59543.75892,	r_2=0.001,	nu_2F_gen=6.79997,	Tp=22152.76603,	T=7037.376)	mmmm
6	-103267.910229	(N_Anc=34391.04503,	N_1F=968.0767,	r_2=-2.35e-04,	nu_2F_gen=0.28993,	Tp=316.32752,	T=4139.75353)	mmmm
7	-111230.926586	(N_Anc=146010.39523,	N_1F=835.49878,	r_2=0.001,	nu_2F_gen=0.82341,	Tp=1078.01246,	T=4905.14588)	c
8	-111319.346666	(N_Anc=5562.87745,	N_1F=2598.19621,	r_2=-8.52e-04,	nu_2F_gen=2.313,	Tp=7679.5535,	T=14167.77303)	r
Current mean mutation rate:	 0.462337
Current mean number of params to change during mutation:	  3

--Best solution by value of fitness function--
Value of fitness: -71288.76442986456
Solution:		(N_Anc=71174.729,	N_1F=81036.32249,	r_2=0.001,	nu_2F_gen=4.93982,	Tp=48805.64963,	T=4905.14588)	mmm

Mean time:	3.982 sec.



Generation #17.
Current generation of solutions:
N	Value of fitness function	Solution
0	-70799.469851	(N_Anc=102726.06352,	N_1F=59543.75892,	r_2=0.001,	nu_2F_gen=3.98626,	Tp=7929.57872,	T=5267.44531)	mmm
1	-71288.764430	(N_Anc=71174.729,	N_1F=81036.32249,	r_2=0.001,	nu_2F_gen=4.93982,	Tp=48805.64963,	T=4905.14588)	mmm
2	-71390.065138	(N_Anc=71174.729,	N_1F=59543.75892,	r_2=0.001,	nu_2F_gen=3.98626,	Tp=33144.24987,	T=5267.44531)	c
3	-73248.004499	(N_Anc=29239.58562,	N_1F=36718.59971,	r_2=0.001,	nu_2F_gen=1.08842,	Tp=49294.11969,	T=3242.84897)	mm
4	-73288.936902	(N_Anc=57258.79383,	N_1F=31562.42513,	r_2=0.00039,	nu_2F_gen=3.98626,	Tp=23400.78949,	T=9080.92195)	mmmmm
5	-79397.059405	(N_Anc=38586.31016,	N_1F=10247.1569,	r_2=0.00034,	nu_2F_gen=1.69586,	Tp=48805.64963,	T=7431.80974)	mmmmm
6	-103968.299570	(N_Anc=236648.68897,	N_1F=1278.49891,	r_2=0.001,	nu_2F_gen=1.34958,	Tp=1344.01325,	T=5706.88697)	mmmmm
7	-1336837.730071	(N_Anc=5562.87745,	N_1F=2598.19621,	r_2=0.001,	nu_2F_gen=2.313,	Tp=7679.5535,	T=14167.77303)	c
8	-1383881.494275	(N_Anc=63139.72425,	N_1F=3299.57565,	r_2=0.00058,	nu_2F_gen=4.13282,	Tp=96056.31935,	T=473147.15616)	r
Current mean mutation rate:	 0.471584
Current mean number of params to change during mutation:	  3

--Best solution by value of fitness function--
Value of fitness: -70799.46985098103
Solution:		(N_Anc=102726.06352,	N_1F=59543.75892,	r_2=0.001,	nu_2F_gen=3.98626,	Tp=7929.57872,	T=5267.44531)	mmm

Mean time:	3.957 sec.



Generation #18.
Current generation of solutions:
N	Value of fitness function	Solution
0	-70799.469851	(N_Anc=102726.06352,	N_1F=59543.75892,	r_2=0.001,	nu_2F_gen=3.98626,	Tp=7929.57872,	T=5267.44531)	mmm
1	-71288.764430	(N_Anc=71174.729,	N_1F=81036.32249,	r_2=0.001,	nu_2F_gen=4.93982,	Tp=48805.64963,	T=4905.14588)	mmm
2	-71390.065138	(N_Anc=71174.729,	N_1F=59543.75892,	r_2=0.001,	nu_2F_gen=3.98626,	Tp=33144.24987,	T=5267.44531)	c
3	-72504.178729	(N_Anc=57258.79383,	N_1F=45740.7038,	r_2=0.00056,	nu_2F_gen=5.66905,	Tp=36933.31494,	T=9080.92195)	mmmm
4	-73240.388137	(N_Anc=71174.729,	N_1F=52264.80049,	r_2=0.001,	nu_2F_gen=4.93982,	Tp=77816.66989,	T=6136.44832)	mmmm
5	-74077.663118	(N_Anc=49454.73443,	N_1F=49199.65664,	r_2=0.00039,	nu_2F_gen=0.65816,	Tp=29159.33299,	T=3242.84897)	mmmmm
6	-77615.198433	(N_Anc=26699.96077,	N_1F=58412.68439,	r_2=0.00048,	nu_2F_gen=3.35398,	Tp=28126.00291,	T=3154.84303)	mmmmmm
7	-115505.762848	(N_Anc=355124.82136,	N_1F=1575.50642,	r_2=0.001,	nu_2F_gen=2.08789,	Tp=1344.01325,	T=8323.92882)	mmmm
8	-1346276.873894	(N_Anc=11307.49621,	N_1F=1667.96958,	r_2=0.00066,	nu_2F_gen=1.00196,	Tp=1145.6389,	T=30297.04303)	r
Current mean mutation rate:	 0.469255
Current mean number of params to change during mutation:	  3

--Best solution by value of fitness function--
Value of fitness: -70799.46985098103
Solution:		(N_Anc=102726.06352,	N_1F=59543.75892,	r_2=0.001,	nu_2F_gen=3.98626,	Tp=7929.57872,	T=5267.44531)	mmm

Mean time:	3.940 sec.



Generation #19.
Current generation of solutions:
N	Value of fitness function	Solution
0	-70799.469851	(N_Anc=102726.06352,	N_1F=59543.75892,	r_2=0.001,	nu_2F_gen=3.98626,	Tp=7929.57872,	T=5267.44531)	mmm
1	-71059.509341	(N_Anc=101570.79645,	N_1F=146439.19631,	r_2=0.001,	nu_2F_gen=4.93982,	Tp=78196.19218,	T=4905.14588)	mmmm
2	-71288.764430	(N_Anc=71174.729,	N_1F=81036.32249,	r_2=0.001,	nu_2F_gen=4.93982,	Tp=48805.64963,	T=4905.14588)	mmm
3	-77145.524760	(N_Anc=14357.55599,	N_1F=28412.63313,	r_2=0.00043,	nu_2F_gen=3.35398,	Tp=18751.6717,	T=3154.84303)	mmmm
4	-101757.515966	(N_Anc=57258.79383,	N_1F=68119.24255,	r_2=0.00056,	nu_2F_gen=5.66905,	Tp=36933.31494,	T=13466.17453)	mm
5	-121797.070010	(N_Anc=355124.82136,	N_1F=2227.82386,	r_2=0.001,	nu_2F_gen=1.12798,	Tp=2035.06518,	T=8323.92882)	mmm
6	-150616.769943	(N_Anc=71174.729,	N_1F=81036.32249,	r_2=0.001,	nu_2F_gen=2.08789,	Tp=1344.01325,	T=8323.92882)	c
7	-156542.244844	(N_Anc=355124.82136,	N_1F=2185.65702,	r_2=0.00076,	nu_2F_gen=2.70362,	Tp=2362.68375,	T=12576.84242)	mmmmm
8	-169658.494579	(N_Anc=65451.88098,	N_1F=547.7975,	r_2=6e-05,	nu_2F_gen=1.96984,	Tp=52098.72964,	T=10011.66153)	r
Current mean mutation rate:	 0.466938
Current mean number of params to change during mutation:	  3

--Best solution by value of fitness function--
Value of fitness: -70799.46985098103
Solution:		(N_Anc=102726.06352,	N_1F=59543.75892,	r_2=0.001,	nu_2F_gen=3.98626,	Tp=7929.57872,	T=5267.44531)	mmm

Mean time:	3.957 sec.



Generation #20.
Current generation of solutions:
N	Value of fitness function	Solution
0	-70799.469851	(N_Anc=102726.06352,	N_1F=59543.75892,	r_2=0.001,	nu_2F_gen=3.98626,	Tp=7929.57872,	T=5267.44531)	mmm
1	-71059.509341	(N_Anc=101570.79645,	N_1F=146439.19631,	r_2=0.001,	nu_2F_gen=4.93982,	Tp=78196.19218,	T=4905.14588)	mmmm
2	-71269.495384	(N_Anc=102726.06352,	N_1F=59543.75892,	r_2=0.001,	nu_2F_gen=5.27963,	Tp=11757.82665,	T=5267.44531)	mmm
3	-76299.749140	(N_Anc=14357.55599,	N_1F=28412.63313,	r_2=0.00055,	nu_2F_gen=3.35398,	Tp=27309.41413,	T=3154.84303)	mm
4	-79995.073902	(N_Anc=4539.82148,	N_1F=5859.70124,	r_2=0.0008,	nu_2F_gen=3.17545,	Tp=93499.77828,	T=1254.45621)	r
5	-81593.798453	(N_Anc=38136.66811,	N_1F=41620.60344,	r_2=0.001,	nu_2F_gen=4.93982,	Tp=80740.33929,	T=1278.94069)	mmmm
6	-101124.070848	(N_Anc=195656.32718,	N_1F=2227.82386,	r_2=0.0004,	nu_2F_gen=1.6571,	Tp=310.27723,	T=8323.92882)	mmmm
7	-112964.510230	(N_Anc=42116.64404,	N_1F=93495.63607,	r_2=0.00056,	nu_2F_gen=5.66905,	Tp=36933.31494,	T=13466.17453)	mm
8	-169310.339019	(N_Anc=57258.79383,	N_1F=547.7975,	r_2=6e-05,	nu_2F_gen=1.96984,	Tp=36933.31494,	T=10011.66153)	c
Current mean mutation rate:	 0.464632
Current mean number of params to change during mutation:	  3

--Best solution by value of fitness function--
Value of fitness: -70799.46985098103
Solution:		(N_Anc=102726.06352,	N_1F=59543.75892,	r_2=0.001,	nu_2F_gen=3.98626,	Tp=7929.57872,	T=5267.44531)	mmm

Mean time:	3.970 sec.



--Finish global optimization Genetic_algorithm--
Result:
   status: 3
 success: True
 message: MAXIMUM NUMBER OF GENERATIONS ACHIEVED
       x: [1.02726064e+05 5.95437589e+04 1.00000000e-03 3.98626453e+00
 7.92957872e+03 5.26744531e+03]	mmm
       y: -70799.46985098103
  n_eval: 286
  n_iter: 20

--Start local optimization optimize_log--
0	-70799.46985098101	(N_Anc=102726.06352,	N_1F=59543.75892,	r_2=0.001,	nu_2F_gen=3.98626,	Tp=7929.57872,	T=5267.44531)	
1	-70799.46985098101	(N_Anc=102726.06352,	N_1F=59543.75892,	r_2=0.001,	nu_2F_gen=3.98626,	Tp=7929.57872,	T=5267.44531)	
2	-70799.00368431694	(N_Anc=102828.84096,	N_1F=59543.75892,	r_2=0.001,	nu_2F_gen=3.98626,	Tp=7929.57872,	T=5267.44531)	
2	-70798.30334029923	(N_Anc=102726.06352,	N_1F=59603.33246,	r_2=0.001,	nu_2F_gen=3.98626,	Tp=7929.57872,	T=5267.44531)	
2	-70800.28166771808	(N_Anc=102726.06352,	N_1F=59543.75892,	r_2=0.001,	nu_2F_gen=3.99025,	Tp=7929.57872,	T=5267.44531)	
2	-70799.7054130784	(N_Anc=102726.06352,	N_1F=59543.75892,	r_2=0.001,	nu_2F_gen=3.98626,	Tp=7937.51227,	T=5267.44531)	
2	-70794.60901122136	(N_Anc=102726.06352,	N_1F=59543.75892,	r_2=0.001,	nu_2F_gen=3.98626,	Tp=7929.57872,	T=5272.71539)	
2	-76693.64796832469	(N_Anc=102726.06352,	N_1F=59543.75892,	r_2=0.00032,	nu_2F_gen=3.98626,	Tp=7929.57872,	T=5267.44531)	
2	-76693.97361774089	(N_Anc=102828.84096,	N_1F=59543.75892,	r_2=0.00032,	nu_2F_gen=3.98626,	Tp=7929.57872,	T=5267.44531)	
2	-76693.9628111462	(N_Anc=102726.06352,	N_1F=59603.33246,	r_2=0.00032,	nu_2F_gen=3.98626,	Tp=7929.57872,	T=5267.44531)	
2	-76695.09639721521	(N_Anc=102726.06352,	N_1F=59543.75892,	r_2=0.00032,	nu_2F_gen=3.99025,	Tp=7929.57872,	T=5267.44531)	
2	-76693.87487108201	(N_Anc=102726.06352,	N_1F=59543.75892,	r_2=0.00032,	nu_2F_gen=3.98626,	Tp=7937.51227,	T=5267.44531)	
2	-76688.52391254783	(N_Anc=102726.06352,	N_1F=59543.75892,	r_2=0.00032,	nu_2F_gen=3.98626,	Tp=7929.57872,	T=5272.71539)	
2	-71865.22385581267	(N_Anc=102726.06352,	N_1F=59543.75892,	r_2=0.00086,	nu_2F_gen=3.98626,	Tp=7929.57872,	T=5267.44531)	
2	-71866.40151290128	(N_Anc=102828.84096,	N_1F=59543.75892,	r_2=0.00086,	nu_2F_gen=3.98626,	Tp=7929.57872,	T=5267.44531)	
2	-71864.20848916334	(N_Anc=102726.06352,	N_1F=59603.33246,	r_2=0.00086,	nu_2F_gen=3.98626,	Tp=7929.57872,	T=5267.44531)	
2	-71867.67924579221	(N_Anc=102726.06352,	N_1F=59543.75892,	r_2=0.00086,	nu_2F_gen=3.99025,	Tp=7929.57872,	T=5267.44531)	
2	-71865.47465350042	(N_Anc=102726.06352,	N_1F=59543.75892,	r_2=0.00086,	nu_2F_gen=3.98626,	Tp=7937.51227,	T=5267.44531)	
2	-71853.33377404799	(N_Anc=102726.06352,	N_1F=59543.75892,	r_2=0.00086,	nu_2F_gen=3.98626,	Tp=7929.57872,	T=5272.71539)	
2	-70938.21283189228	(N_Anc=102726.06352,	N_1F=59543.75892,	r_2=0.00097,	nu_2F_gen=3.98626,	Tp=7929.57872,	T=5267.44531)	
2	-70938.20268488319	(N_Anc=102828.84096,	N_1F=59543.75892,	r_2=0.00097,	nu_2F_gen=3.98626,	Tp=7929.57872,	T=5267.44531)	
2	-70937.05749934727	(N_Anc=102726.06352,	N_1F=59603.33246,	r_2=0.00097,	nu_2F_gen=3.98626,	Tp=7929.57872,	T=5267.44531)	
2	-70939.48544473134	(N_Anc=102726.06352,	N_1F=59543.75892,	r_2=0.00097,	nu_2F_gen=3.99025,	Tp=7929.57872,	T=5267.44531)	
2	-70938.45313970203	(N_Anc=102726.06352,	N_1F=59543.75892,	r_2=0.00097,	nu_2F_gen=3.98626,	Tp=7937.51227,	T=5267.44531)	
2	-70931.11085565906	(N_Anc=102726.06352,	N_1F=59543.75892,	r_2=0.00097,	nu_2F_gen=3.98626,	Tp=7929.57872,	T=5272.71539)	
2	-70823.86294014394	(N_Anc=102726.06352,	N_1F=59543.75892,	r_2=0.00099,	nu_2F_gen=3.98626,	Tp=7929.57872,	T=5267.44531)	
2	-70823.49780108481	(N_Anc=102828.84096,	N_1F=59543.75892,	r_2=0.00099,	nu_2F_gen=3.98626,	Tp=7929.57872,	T=5267.44531)	
2	-70822.69786263157	(N_Anc=102726.06352,	N_1F=59603.33246,	r_2=0.00099,	nu_2F_gen=3.98626,	Tp=7929.57872,	T=5267.44531)	
2	-70824.77702752253	(N_Anc=102726.06352,	N_1F=59543.75892,	r_2=0.00099,	nu_2F_gen=3.99025,	Tp=7929.57872,	T=5267.44531)	
2	-70824.09957141506	(N_Anc=102726.06352,	N_1F=59543.75892,	r_2=0.00099,	nu_2F_gen=3.98626,	Tp=7937.51227,	T=5267.44531)	
2	-70818.4920395039	(N_Anc=102726.06352,	N_1F=59543.75892,	r_2=0.00099,	nu_2F_gen=3.98626,	Tp=7929.57872,	T=5272.71539)	
2	-70804.39464462281	(N_Anc=102726.06352,	N_1F=59543.75892,	r_2=0.001,	nu_2F_gen=3.98626,	Tp=7929.57872,	T=5267.44531)	
2	-70803.95003148007	(N_Anc=102828.84096,	N_1F=59543.75892,	r_2=0.001,	nu_2F_gen=3.98626,	Tp=7929.57872,	T=5267.44531)	
2	-70803.22839580235	(N_Anc=102726.06352,	N_1F=59603.33246,	r_2=0.001,	nu_2F_gen=3.98626,	Tp=7929.57872,	T=5267.44531)	
2	-70805.22828807111	(N_Anc=102726.06352,	N_1F=59543.75892,	r_2=0.001,	nu_2F_gen=3.99025,	Tp=7929.57872,	T=5267.44531)	
2	-70804.63043555975	(N_Anc=102726.06352,	N_1F=59543.75892,	r_2=0.001,	nu_2F_gen=3.98626,	Tp=7937.51227,	T=5267.44531)	
2	-70799.42437616958	(N_Anc=102726.06352,	N_1F=59543.75892,	r_2=0.001,	nu_2F_gen=3.98626,	Tp=7929.57872,	T=5272.71539)	
2	-70800.50017626365	(N_Anc=102726.06352,	N_1F=59543.75892,	r_2=0.001,	nu_2F_gen=3.98626,	Tp=7929.57872,	T=5267.44531)	
2	-70800.038573287	(N_Anc=102828.84096,	N_1F=59543.75892,	r_2=0.001,	nu_2F_gen=3.98626,	Tp=7929.57872,	T=5267.44531)	
2	-70799.3337190923	(N_Anc=102726.06352,	N_1F=59603.33246,	r_2=0.001,	nu_2F_gen=3.98626,	Tp=7929.57872,	T=5267.44531)	
2	-70801.31661488743	(N_Anc=102726.06352,	N_1F=59543.75892,	r_2=0.001,	nu_2F_gen=3.99025,	Tp=7929.57872,	T=5267.44531)	
2	-70800.73578684739	(N_Anc=102726.06352,	N_1F=59543.75892,	r_2=0.001,	nu_2F_gen=3.98626,	Tp=7937.51227,	T=5267.44531)	
2	-70795.61613902342	(N_Anc=102726.06352,	N_1F=59543.75892,	r_2=0.001,	nu_2F_gen=3.98626,	Tp=7929.57872,	T=5272.71539)	
2	-70799.68711035624	(N_Anc=102726.06352,	N_1F=59543.75892,	r_2=0.001,	nu_2F_gen=3.98626,	Tp=7929.57872,	T=5267.44531)	
2	-70799.22190847209	(N_Anc=102828.84096,	N_1F=59543.75892,	r_2=0.001,	nu_2F_gen=3.98626,	Tp=7929.57872,	T=5267.44531)	
2	-70798.52061090057	(N_Anc=102726.06352,	N_1F=59603.33246,	r_2=0.001,	nu_2F_gen=3.98626,	Tp=7929.57872,	T=5267.44531)	
2	-70800.49990419258	(N_Anc=102726.06352,	N_1F=59543.75892,	r_2=0.001,	nu_2F_gen=3.99025,	Tp=7929.57872,	T=5267.44531)	
2	-70799.92268270526	(N_Anc=102726.06352,	N_1F=59543.75892,	r_2=0.001,	nu_2F_gen=3.98626,	Tp=7937.51227,	T=5267.44531)	
2	-70794.82136534507	(N_Anc=102726.06352,	N_1F=59543.75892,	r_2=0.001,	nu_2F_gen=3.98626,	Tp=7929.57872,	T=5272.71539)	
2	-70799.51574033391	(N_Anc=102726.06352,	N_1F=59543.75892,	r_2=0.001,	nu_2F_gen=3.98626,	Tp=7929.57872,	T=5267.44531)	
2	-70799.04977755994	(N_Anc=102828.84096,	N_1F=59543.75892,	r_2=0.001,	nu_2F_gen=3.98626,	Tp=7929.57872,	T=5267.44531)	
2	-70798.34923202072	(N_Anc=102726.06352,	N_1F=59603.33246,	r_2=0.001,	nu_2F_gen=3.98626,	Tp=7929.57872,	T=5267.44531)	
2	-70800.32776356525	(N_Anc=102726.06352,	N_1F=59543.75892,	r_2=0.001,	nu_2F_gen=3.99025,	Tp=7929.57872,	T=5267.44531)	
2	-70799.75130459786	(N_Anc=102726.06352,	N_1F=59543.75892,	r_2=0.001,	nu_2F_gen=3.98626,	Tp=7937.51227,	T=5267.44531)	
2	-70794.65386387681	(N_Anc=102726.06352,	N_1F=59543.75892,	r_2=0.001,	nu_2F_gen=3.98626,	Tp=7929.57872,	T=5272.71539)	
2	-70799.4795471406	(N_Anc=102726.06352,	N_1F=59543.75892,	r_2=0.001,	nu_2F_gen=3.98626,	Tp=7929.57872,	T=5267.44531)	
2	-70799.01342356225	(N_Anc=102828.84096,	N_1F=59543.75892,	r_2=0.001,	nu_2F_gen=3.98626,	Tp=7929.57872,	T=5267.44531)	
2	-70798.31303695917	(N_Anc=102726.06352,	N_1F=59603.33246,	r_2=0.001,	nu_2F_gen=3.98626,	Tp=7929.57872,	T=5267.44531)	
2	-70800.29140751374	(N_Anc=102726.06352,	N_1F=59543.75892,	r_2=0.001,	nu_2F_gen=3.99025,	Tp=7929.57872,	T=5267.44531)	
2	-70799.71510969581	(N_Anc=102726.06352,	N_1F=59543.75892,	r_2=0.001,	nu_2F_gen=3.98626,	Tp=7937.51227,	T=5267.44531)	
2	-70794.61848830523	(N_Anc=102726.06352,	N_1F=59543.75892,	r_2=0.001,	nu_2F_gen=3.98626,	Tp=7929.57872,	T=5272.71539)	
2	-70799.47189987845	(N_Anc=102726.06352,	N_1F=59543.75892,	r_2=0.001,	nu_2F_gen=3.98626,	Tp=7929.57872,	T=5267.44531)	
2	-70799.00574231906	(N_Anc=102828.84096,	N_1F=59543.75892,	r_2=0.001,	nu_2F_gen=3.98626,	Tp=7929.57872,	T=5267.44531)	
2	-70798.30538930239	(N_Anc=102726.06352,	N_1F=59603.33246,	r_2=0.001,	nu_2F_gen=3.98626,	Tp=7929.57872,	T=5267.44531)	
2	-70800.28372583649	(N_Anc=102726.06352,	N_1F=59543.75892,	r_2=0.001,	nu_2F_gen=3.99025,	Tp=7929.57872,	T=5267.44531)	
2	-70799.70746207258	(N_Anc=102726.06352,	N_1F=59543.75892,	r_2=0.001,	nu_2F_gen=3.98626,	Tp=7937.51227,	T=5267.44531)	
2	-70794.61101382463	(N_Anc=102726.06352,	N_1F=59543.75892,	r_2=0.001,	nu_2F_gen=3.98626,	Tp=7929.57872,	T=5272.71539)	
2	-70799.47028394083	(N_Anc=102726.06352,	N_1F=59543.75892,	r_2=0.001,	nu_2F_gen=3.98626,	Tp=7929.57872,	T=5267.44531)	
2	-70799.0041192007	(N_Anc=102828.84096,	N_1F=59543.75892,	r_2=0.001,	nu_2F_gen=3.98626,	Tp=7929.57872,	T=5267.44531)	
2	-70798.30377328138	(N_Anc=102726.06352,	N_1F=59603.33246,	r_2=0.001,	nu_2F_gen=3.98626,	Tp=7929.57872,	T=5267.44531)	
2	-70800.2821026264	(N_Anc=102726.06352,	N_1F=59543.75892,	r_2=0.001,	nu_2F_gen=3.99025,	Tp=7929.57872,	T=5267.44531)	
2	-70799.70584605864	(N_Anc=102726.06352,	N_1F=59543.75892,	r_2=0.001,	nu_2F_gen=3.98626,	Tp=7937.51227,	T=5267.44531)	
2	-70794.60943439853	(N_Anc=102726.06352,	N_1F=59543.75892,	r_2=0.001,	nu_2F_gen=3.98626,	Tp=7929.57872,	T=5272.71539)	
2	-70799.46994247161	(N_Anc=102726.06352,	N_1F=59543.75892,	r_2=0.001,	nu_2F_gen=3.98626,	Tp=7929.57872,	T=5267.44531)	
2	-70799.00377621409	(N_Anc=102828.84096,	N_1F=59543.75892,	r_2=0.001,	nu_2F_gen=3.98626,	Tp=7929.57872,	T=5267.44531)	
2	-70798.30343179454	(N_Anc=102726.06352,	N_1F=59603.33246,	r_2=0.001,	nu_2F_gen=3.98626,	Tp=7929.57872,	T=5267.44531)	
2	-70800.28175962043	(N_Anc=102726.06352,	N_1F=59543.75892,	r_2=0.001,	nu_2F_gen=3.99025,	Tp=7929.57872,	T=5267.44531)	
2	-70799.70550457328	(N_Anc=102726.06352,	N_1F=59543.75892,	r_2=0.001,	nu_2F_gen=3.98626,	Tp=7937.51227,	T=5267.44531)	
2	-70794.60910064472	(N_Anc=102726.06352,	N_1F=59543.75892,	r_2=0.001,	nu_2F_gen=3.98626,	Tp=7929.57872,	T=5272.71539)	
2	-70799.4698703143	(N_Anc=102726.06352,	N_1F=59543.75892,	r_2=0.001,	nu_2F_gen=3.98626,	Tp=7929.57872,	T=5267.44531)	
2	-70799.00370373615	(N_Anc=102828.84096,	N_1F=59543.75892,	r_2=0.001,	nu_2F_gen=3.98626,	Tp=7929.57872,	T=5267.44531)	
2	-70798.30335963352	(N_Anc=102726.06352,	N_1F=59603.33246,	r_2=0.001,	nu_2F_gen=3.98626,	Tp=7929.57872,	T=5267.44531)	
2	-70800.28168713837	(N_Anc=102726.06352,	N_1F=59543.75892,	r_2=0.001,	nu_2F_gen=3.99025,	Tp=7929.57872,	T=5267.44531)	
2	-70799.70543241258	(N_Anc=102726.06352,	N_1F=59543.75892,	r_2=0.001,	nu_2F_gen=3.98626,	Tp=7937.51227,	T=5267.44531)	
2	-70794.6090301178	(N_Anc=102726.06352,	N_1F=59543.75892,	r_2=0.001,	nu_2F_gen=3.98626,	Tp=7929.57872,	T=5272.71539)	
2	-70799.46985506642	(N_Anc=102726.06352,	N_1F=59543.75892,	r_2=0.001,	nu_2F_gen=3.98626,	Tp=7929.57872,	T=5267.44531)	
2	-70799.00368842049	(N_Anc=102828.84096,	N_1F=59543.75892,	r_2=0.001,	nu_2F_gen=3.98626,	Tp=7929.57872,	T=5267.44531)	
2	-70798.30334438485	(N_Anc=102726.06352,	N_1F=59603.33246,	r_2=0.001,	nu_2F_gen=3.98626,	Tp=7929.57872,	T=5267.44531)	
2	-70800.28167182185	(N_Anc=102726.06352,	N_1F=59543.75892,	r_2=0.001,	nu_2F_gen=3.99025,	Tp=7929.57872,	T=5267.44531)	
2	-70799.70541716398	(N_Anc=102726.06352,	N_1F=59543.75892,	r_2=0.001,	nu_2F_gen=3.98626,	Tp=7937.51227,	T=5267.44531)	
2	-70794.60901521443	(N_Anc=102726.06352,	N_1F=59543.75892,	r_2=0.001,	nu_2F_gen=3.98626,	Tp=7929.57872,	T=5272.71539)	
2	-70799.46985184432	(N_Anc=102726.06352,	N_1F=59543.75892,	r_2=0.001,	nu_2F_gen=3.98626,	Tp=7929.57872,	T=5267.44531)	
2	-70799.00368518407	(N_Anc=102828.84096,	N_1F=59543.75892,	r_2=0.001,	nu_2F_gen=3.98626,	Tp=7929.57872,	T=5267.44531)	
2	-70798.30334116258	(N_Anc=102726.06352,	N_1F=59603.33246,	r_2=0.001,	nu_2F_gen=3.98626,	Tp=7929.57872,	T=5267.44531)	
2	-70800.28166858526	(N_Anc=102726.06352,	N_1F=59543.75892,	r_2=0.001,	nu_2F_gen=3.99025,	Tp=7929.57872,	T=5267.44531)	
2	-70799.70541394173	(N_Anc=102726.06352,	N_1F=59543.75892,	r_2=0.001,	nu_2F_gen=3.98626,	Tp=7937.51227,	T=5267.44531)	
2	-70794.60901206515	(N_Anc=102726.06352,	N_1F=59543.75892,	r_2=0.001,	nu_2F_gen=3.98626,	Tp=7929.57872,	T=5272.71539)	
2	-70799.46985116345	(N_Anc=102726.06352,	N_1F=59543.75892,	r_2=0.001,	nu_2F_gen=3.98626,	Tp=7929.57872,	T=5267.44531)	
2	-70799.00368450017	(N_Anc=102828.84096,	N_1F=59543.75892,	r_2=0.001,	nu_2F_gen=3.98626,	Tp=7929.57872,	T=5267.44531)	
2	-70798.30334048167	(N_Anc=102726.06352,	N_1F=59603.33246,	r_2=0.001,	nu_2F_gen=3.98626,	Tp=7929.57872,	T=5267.44531)	
2	-70800.28166790132	(N_Anc=102726.06352,	N_1F=59543.75892,	r_2=0.001,	nu_2F_gen=3.99025,	Tp=7929.57872,	T=5267.44531)	
2	-70799.70541326082	(N_Anc=102726.06352,	N_1F=59543.75892,	r_2=0.001,	nu_2F_gen=3.98626,	Tp=7937.51227,	T=5267.44531)	
2	-70794.60901139965	(N_Anc=102726.06352,	N_1F=59543.75892,	r_2=0.001,	nu_2F_gen=3.98626,	Tp=7929.57872,	T=5272.71539)	
2	-70799.46985101956	(N_Anc=102726.06352,	N_1F=59543.75892,	r_2=0.001,	nu_2F_gen=3.98626,	Tp=7929.57872,	T=5267.44531)	
2	-70799.00368435566	(N_Anc=102828.84096,	N_1F=59543.75892,	r_2=0.001,	nu_2F_gen=3.98626,	Tp=7929.57872,	T=5267.44531)	
2	-70798.30334033778	(N_Anc=102726.06352,	N_1F=59603.33246,	r_2=0.001,	nu_2F_gen=3.98626,	Tp=7929.57872,	T=5267.44531)	
2	-70800.28166775679	(N_Anc=102726.06352,	N_1F=59543.75892,	r_2=0.001,	nu_2F_gen=3.99025,	Tp=7929.57872,	T=5267.44531)	
2	-70799.70541311694	(N_Anc=102726.06352,	N_1F=59543.75892,	r_2=0.001,	nu_2F_gen=3.98626,	Tp=7937.51227,	T=5267.44531)	
2	-70794.60901125902	(N_Anc=102726.06352,	N_1F=59543.75892,	r_2=0.001,	nu_2F_gen=3.98626,	Tp=7929.57872,	T=5272.71539)	
2	-70799.46985098916	(N_Anc=102726.06352,	N_1F=59543.75892,	r_2=0.001,	nu_2F_gen=3.98626,	Tp=7929.57872,	T=5267.44531)	
2	-70799.00368432511	(N_Anc=102828.84096,	N_1F=59543.75892,	r_2=0.001,	nu_2F_gen=3.98626,	Tp=7929.57872,	T=5267.44531)	
2	-70798.30334030738	(N_Anc=102726.06352,	N_1F=59603.33246,	r_2=0.001,	nu_2F_gen=3.98626,	Tp=7929.57872,	T=5267.44531)	
2	-70800.28166772626	(N_Anc=102726.06352,	N_1F=59543.75892,	r_2=0.001,	nu_2F_gen=3.99025,	Tp=7929.57872,	T=5267.44531)	
2	-70799.70541308653	(N_Anc=102726.06352,	N_1F=59543.75892,	r_2=0.001,	nu_2F_gen=3.98626,	Tp=7937.51227,	T=5267.44531)	
2	-70794.60901122932	(N_Anc=102726.06352,	N_1F=59543.75892,	r_2=0.001,	nu_2F_gen=3.98626,	Tp=7929.57872,	T=5272.71539)	
2	-70799.46985098274	(N_Anc=102726.06352,	N_1F=59543.75892,	r_2=0.001,	nu_2F_gen=3.98626,	Tp=7929.57872,	T=5267.44531)	
2	-70799.00368431867	(N_Anc=102828.84096,	N_1F=59543.75892,	r_2=0.001,	nu_2F_gen=3.98626,	Tp=7929.57872,	T=5267.44531)	
2	-70798.30334030095	(N_Anc=102726.06352,	N_1F=59603.33246,	r_2=0.001,	nu_2F_gen=3.98626,	Tp=7929.57872,	T=5267.44531)	
2	-70800.2816677198	(N_Anc=102726.06352,	N_1F=59543.75892,	r_2=0.001,	nu_2F_gen=3.99025,	Tp=7929.57872,	T=5267.44531)	
2	-70799.70541308011	(N_Anc=102726.06352,	N_1F=59543.75892,	r_2=0.001,	nu_2F_gen=3.98626,	Tp=7937.51227,	T=5267.44531)	
2	-70794.60901122303	(N_Anc=102726.06352,	N_1F=59543.75892,	r_2=0.001,	nu_2F_gen=3.98626,	Tp=7929.57872,	T=5272.71539)	
2	-70799.46985098139	(N_Anc=102726.06352,	N_1F=59543.75892,	r_2=0.001,	nu_2F_gen=3.98626,	Tp=7929.57872,	T=5267.44531)	
2	-70799.00368431731	(N_Anc=102828.84096,	N_1F=59543.75892,	r_2=0.001,	nu_2F_gen=3.98626,	Tp=7929.57872,	T=5267.44531)	
2	-70798.30334029958	(N_Anc=102726.06352,	N_1F=59603.33246,	r_2=0.001,	nu_2F_gen=3.98626,	Tp=7929.57872,	T=5267.44531)	
2	-70800.28166771843	(N_Anc=102726.06352,	N_1F=59543.75892,	r_2=0.001,	nu_2F_gen=3.99025,	Tp=7929.57872,	T=5267.44531)	
2	-70799.70541307874	(N_Anc=102726.06352,	N_1F=59543.75892,	r_2=0.001,	nu_2F_gen=3.98626,	Tp=7937.51227,	T=5267.44531)	
2	-70794.6090112217	(N_Anc=102726.06352,	N_1F=59543.75892,	r_2=0.001,	nu_2F_gen=3.98626,	Tp=7929.57872,	T=5272.71539)	
2	-70799.46985098108	(N_Anc=102726.06352,	N_1F=59543.75892,	r_2=0.001,	nu_2F_gen=3.98626,	Tp=7929.57872,	T=5267.44531)	
2	-70799.00368431702	(N_Anc=102828.84096,	N_1F=59543.75892,	r_2=0.001,	nu_2F_gen=3.98626,	Tp=7929.57872,	T=5267.44531)	
2	-70798.3033402993	(N_Anc=102726.06352,	N_1F=59603.33246,	r_2=0.001,	nu_2F_gen=3.98626,	Tp=7929.57872,	T=5267.44531)	
2	-70800.28166771815	(N_Anc=102726.06352,	N_1F=59543.75892,	r_2=0.001,	nu_2F_gen=3.99025,	Tp=7929.57872,	T=5267.44531)	
2	-70799.70541307847	(N_Anc=102726.06352,	N_1F=59543.75892,	r_2=0.001,	nu_2F_gen=3.98626,	Tp=7937.51227,	T=5267.44531)	
2	-70794.60901122142	(N_Anc=102726.06352,	N_1F=59543.75892,	r_2=0.001,	nu_2F_gen=3.98626,	Tp=7929.57872,	T=5272.71539)	
2	-70799.46985098104	(N_Anc=102726.06352,	N_1F=59543.75892,	r_2=0.001,	nu_2F_gen=3.98626,	Tp=7929.57872,	T=5267.44531)	
2	-70799.00368431695	(N_Anc=102828.84096,	N_1F=59543.75892,	r_2=0.001,	nu_2F_gen=3.98626,	Tp=7929.57872,	T=5267.44531)	
2	-70798.30334029924	(N_Anc=102726.06352,	N_1F=59603.33246,	r_2=0.001,	nu_2F_gen=3.98626,	Tp=7929.57872,	T=5267.44531)	
2	-70800.2816677181	(N_Anc=102726.06352,	N_1F=59543.75892,	r_2=0.001,	nu_2F_gen=3.99025,	Tp=7929.57872,	T=5267.44531)	
2	-70799.70541307841	(N_Anc=102726.06352,	N_1F=59543.75892,	r_2=0.001,	nu_2F_gen=3.98626,	Tp=7937.51227,	T=5267.44531)	
2	-70794.60901122137	(N_Anc=102726.06352,	N_1F=59543.75892,	r_2=0.001,	nu_2F_gen=3.98626,	Tp=7929.57872,	T=5272.71539)	
2	-70799.46985098103	(N_Anc=102726.06352,	N_1F=59543.75892,	r_2=0.001,	nu_2F_gen=3.98626,	Tp=7929.57872,	T=5267.44531)	
2	-70799.00368431694	(N_Anc=102828.84096,	N_1F=59543.75892,	r_2=0.001,	nu_2F_gen=3.98626,	Tp=7929.57872,	T=5267.44531)	
2	-70798.30334029923	(N_Anc=102726.06352,	N_1F=59603.33246,	r_2=0.001,	nu_2F_gen=3.98626,	Tp=7929.57872,	T=5267.44531)	
2	-70800.28166771808	(N_Anc=102726.06352,	N_1F=59543.75892,	r_2=0.001,	nu_2F_gen=3.99025,	Tp=7929.57872,	T=5267.44531)	
2	-70799.7054130784	(N_Anc=102726.06352,	N_1F=59543.75892,	r_2=0.001,	nu_2F_gen=3.98626,	Tp=7937.51227,	T=5267.44531)	
2	-70794.60901122137	(N_Anc=102726.06352,	N_1F=59543.75892,	r_2=0.001,	nu_2F_gen=3.98626,	Tp=7929.57872,	T=5272.71539)	
2	-70799.46985098103	(N_Anc=102726.06352,	N_1F=59543.75892,	r_2=0.001,	nu_2F_gen=3.98626,	Tp=7929.57872,	T=5267.44531)	
2	-70799.00368431694	(N_Anc=102828.84096,	N_1F=59543.75892,	r_2=0.001,	nu_2F_gen=3.98626,	Tp=7929.57872,	T=5267.44531)	
2	-70798.30334029923	(N_Anc=102726.06352,	N_1F=59603.33246,	r_2=0.001,	nu_2F_gen=3.98626,	Tp=7929.57872,	T=5267.44531)	
2	-70800.28166771808	(N_Anc=102726.06352,	N_1F=59543.75892,	r_2=0.001,	nu_2F_gen=3.99025,	Tp=7929.57872,	T=5267.44531)	
2	-70799.7054130784	(N_Anc=102726.06352,	N_1F=59543.75892,	r_2=0.001,	nu_2F_gen=3.98626,	Tp=7937.51227,	T=5267.44531)	
2	-70794.60901122136	(N_Anc=102726.06352,	N_1F=59543.75892,	r_2=0.001,	nu_2F_gen=3.98626,	Tp=7929.57872,	T=5272.71539)	
2	-70799.46985098101	(N_Anc=102726.06352,	N_1F=59543.75892,	r_2=0.001,	nu_2F_gen=3.98626,	Tp=7929.57872,	T=5267.44531)	
2	-70799.00368431694	(N_Anc=102828.84096,	N_1F=59543.75892,	r_2=0.001,	nu_2F_gen=3.98626,	Tp=7929.57872,	T=5267.44531)	
2	-70798.30334029923	(N_Anc=102726.06352,	N_1F=59603.33246,	r_2=0.001,	nu_2F_gen=3.98626,	Tp=7929.57872,	T=5267.44531)	
2	-70800.28166771808	(N_Anc=102726.06352,	N_1F=59543.75892,	r_2=0.001,	nu_2F_gen=3.99025,	Tp=7929.57872,	T=5267.44531)	
2	-70799.7054130784	(N_Anc=102726.06352,	N_1F=59543.75892,	r_2=0.001,	nu_2F_gen=3.98626,	Tp=7937.51227,	T=5267.44531)	
2	-70794.60901122136	(N_Anc=102726.06352,	N_1F=59543.75892,	r_2=0.001,	nu_2F_gen=3.98626,	Tp=7929.57872,	T=5272.71539)	
2	-70799.46985098103	(N_Anc=102726.06352,	N_1F=59543.75892,	r_2=0.001,	nu_2F_gen=3.98626,	Tp=7929.57872,	T=5267.44531)	
2	-70799.00368431694	(N_Anc=102828.84096,	N_1F=59543.75892,	r_2=0.001,	nu_2F_gen=3.98626,	Tp=7929.57872,	T=5267.44531)	
2	-70798.30334029923	(N_Anc=102726.06352,	N_1F=59603.33246,	r_2=0.001,	nu_2F_gen=3.98626,	Tp=7929.57872,	T=5267.44531)	
2	-70800.28166771808	(N_Anc=102726.06352,	N_1F=59543.75892,	r_2=0.001,	nu_2F_gen=3.99025,	Tp=7929.57872,	T=5267.44531)	
2	-70799.7054130784	(N_Anc=102726.06352,	N_1F=59543.75892,	r_2=0.001,	nu_2F_gen=3.98626,	Tp=7937.51227,	T=5267.44531)	
2	-70794.60901122136	(N_Anc=102726.06352,	N_1F=59543.75892,	r_2=0.001,	nu_2F_gen=3.98626,	Tp=7929.57872,	T=5272.71539)	
2	-70799.46985098101	(N_Anc=102726.06352,	N_1F=59543.75892,	r_2=0.001,	nu_2F_gen=3.98626,	Tp=7929.57872,	T=5267.44531)	
2	-70799.00368431694	(N_Anc=102828.84096,	N_1F=59543.75892,	r_2=0.001,	nu_2F_gen=3.98626,	Tp=7929.57872,	T=5267.44531)	
2	-70798.30334029923	(N_Anc=102726.06352,	N_1F=59603.33246,	r_2=0.001,	nu_2F_gen=3.98626,	Tp=7929.57872,	T=5267.44531)	
2	-70800.28166771808	(N_Anc=102726.06352,	N_1F=59543.75892,	r_2=0.001,	nu_2F_gen=3.99025,	Tp=7929.57872,	T=5267.44531)	
2	-70799.7054130784	(N_Anc=102726.06352,	N_1F=59543.75892,	r_2=0.001,	nu_2F_gen=3.98626,	Tp=7937.51227,	T=5267.44531)	
2	-70794.60901122136	(N_Anc=102726.06352,	N_1F=59543.75892,	r_2=0.001,	nu_2F_gen=3.98626,	Tp=7929.57872,	T=5272.71539)	
2	-70799.46985098103	(N_Anc=102726.06352,	N_1F=59543.75892,	r_2=0.001,	nu_2F_gen=3.98626,	Tp=7929.57872,	T=5267.44531)	
2	-70799.00368431694	(N_Anc=102828.84096,	N_1F=59543.75892,	r_2=0.001,	nu_2F_gen=3.98626,	Tp=7929.57872,	T=5267.44531)	
2	-70798.30334029923	(N_Anc=102726.06352,	N_1F=59603.33246,	r_2=0.001,	nu_2F_gen=3.98626,	Tp=7929.57872,	T=5267.44531)	
2	-70800.28166771808	(N_Anc=102726.06352,	N_1F=59543.75892,	r_2=0.001,	nu_2F_gen=3.99025,	Tp=7929.57872,	T=5267.44531)	
2	-70799.7054130784	(N_Anc=102726.06352,	N_1F=59543.75892,	r_2=0.001,	nu_2F_gen=3.98626,	Tp=7937.51227,	T=5267.44531)	
2	-70794.60901122136	(N_Anc=102726.06352,	N_1F=59543.75892,	r_2=0.001,	nu_2F_gen=3.98626,	Tp=7929.57872,	T=5272.71539)	
2	-70799.46985098101	(N_Anc=102726.06352,	N_1F=59543.75892,	r_2=0.001,	nu_2F_gen=3.98626,	Tp=7929.57872,	T=5267.44531)	
2	-70799.00368431694	(N_Anc=102828.84096,	N_1F=59543.75892,	r_2=0.001,	nu_2F_gen=3.98626,	Tp=7929.57872,	T=5267.44531)	
2	-70798.30334029923	(N_Anc=102726.06352,	N_1F=59603.33246,	r_2=0.001,	nu_2F_gen=3.98626,	Tp=7929.57872,	T=5267.44531)	
2	-70800.28166771808	(N_Anc=102726.06352,	N_1F=59543.75892,	r_2=0.001,	nu_2F_gen=3.99025,	Tp=7929.57872,	T=5267.44531)	
2	-70799.7054130784	(N_Anc=102726.06352,	N_1F=59543.75892,	r_2=0.001,	nu_2F_gen=3.98626,	Tp=7937.51227,	T=5267.44531)	
2	-70794.60901122136	(N_Anc=102726.06352,	N_1F=59543.75892,	r_2=0.001,	nu_2F_gen=3.98626,	Tp=7929.57872,	T=5272.71539)	
2	-70799.46985098103	(N_Anc=102726.06352,	N_1F=59543.75892,	r_2=0.001,	nu_2F_gen=3.98626,	Tp=7929.57872,	T=5267.44531)	
2	-70799.00368431694	(N_Anc=102828.84096,	N_1F=59543.75892,	r_2=0.001,	nu_2F_gen=3.98626,	Tp=7929.57872,	T=5267.44531)	
2	-70798.30334029923	(N_Anc=102726.06352,	N_1F=59603.33246,	r_2=0.001,	nu_2F_gen=3.98626,	Tp=7929.57872,	T=5267.44531)	
2	-70800.28166771808	(N_Anc=102726.06352,	N_1F=59543.75892,	r_2=0.001,	nu_2F_gen=3.99025,	Tp=7929.57872,	T=5267.44531)	
2	-70799.7054130784	(N_Anc=102726.06352,	N_1F=59543.75892,	r_2=0.001,	nu_2F_gen=3.98626,	Tp=7937.51227,	T=5267.44531)	
2	-70794.60901122136	(N_Anc=102726.06352,	N_1F=59543.75892,	r_2=0.001,	nu_2F_gen=3.98626,	Tp=7929.57872,	T=5272.71539)	
2	-70799.46985098101	(N_Anc=102726.06352,	N_1F=59543.75892,	r_2=0.001,	nu_2F_gen=3.98626,	Tp=7929.57872,	T=5267.44531)	
2	-70799.00368431694	(N_Anc=102828.84096,	N_1F=59543.75892,	r_2=0.001,	nu_2F_gen=3.98626,	Tp=7929.57872,	T=5267.44531)	
2	-70798.30334029923	(N_Anc=102726.06352,	N_1F=59603.33246,	r_2=0.001,	nu_2F_gen=3.98626,	Tp=7929.57872,	T=5267.44531)	
2	-70800.28166771808	(N_Anc=102726.06352,	N_1F=59543.75892,	r_2=0.001,	nu_2F_gen=3.99025,	Tp=7929.57872,	T=5267.44531)	
2	-70799.7054130784	(N_Anc=102726.06352,	N_1F=59543.75892,	r_2=0.001,	nu_2F_gen=3.98626,	Tp=7937.51227,	T=5267.44531)	
2	-70794.60901122136	(N_Anc=102726.06352,	N_1F=59543.75892,	r_2=0.001,	nu_2F_gen=3.98626,	Tp=7929.57872,	T=5272.71539)	
2	-70799.46985098103	(N_Anc=102726.06352,	N_1F=59543.75892,	r_2=0.001,	nu_2F_gen=3.98626,	Tp=7929.57872,	T=5267.44531)	
2	-70799.00368431694	(N_Anc=102828.84096,	N_1F=59543.75892,	r_2=0.001,	nu_2F_gen=3.98626,	Tp=7929.57872,	T=5267.44531)	
2	-70798.30334029923	(N_Anc=102726.06352,	N_1F=59603.33246,	r_2=0.001,	nu_2F_gen=3.98626,	Tp=7929.57872,	T=5267.44531)	
2	-70800.28166771808	(N_Anc=102726.06352,	N_1F=59543.75892,	r_2=0.001,	nu_2F_gen=3.99025,	Tp=7929.57872,	T=5267.44531)	
2	-70799.7054130784	(N_Anc=102726.06352,	N_1F=59543.75892,	r_2=0.001,	nu_2F_gen=3.98626,	Tp=7937.51227,	T=5267.44531)	
2	-70794.60901122136	(N_Anc=102726.06352,	N_1F=59543.75892,	r_2=0.001,	nu_2F_gen=3.98626,	Tp=7929.57872,	T=5272.71539)	
2	-70799.46985098101	(N_Anc=102726.06352,	N_1F=59543.75892,	r_2=0.001,	nu_2F_gen=3.98626,	Tp=7929.57872,	T=5267.44531)	
2	-70799.00368431694	(N_Anc=102828.84096,	N_1F=59543.75892,	r_2=0.001,	nu_2F_gen=3.98626,	Tp=7929.57872,	T=5267.44531)	
2	-70798.30334029923	(N_Anc=102726.06352,	N_1F=59603.33246,	r_2=0.001,	nu_2F_gen=3.98626,	Tp=7929.57872,	T=5267.44531)	
2	-70800.28166771808	(N_Anc=102726.06352,	N_1F=59543.75892,	r_2=0.001,	nu_2F_gen=3.99025,	Tp=7929.57872,	T=5267.44531)	
2	-70799.7054130784	(N_Anc=102726.06352,	N_1F=59543.75892,	r_2=0.001,	nu_2F_gen=3.98626,	Tp=7937.51227,	T=5267.44531)	
2	-70794.60901122136	(N_Anc=102726.06352,	N_1F=59543.75892,	r_2=0.001,	nu_2F_gen=3.98626,	Tp=7929.57872,	T=5272.71539)	
2	-70799.46985098103	(N_Anc=102726.06352,	N_1F=59543.75892,	r_2=0.001,	nu_2F_gen=3.98626,	Tp=7929.57872,	T=5267.44531)	
2	-70799.00368431694	(N_Anc=102828.84096,	N_1F=59543.75892,	r_2=0.001,	nu_2F_gen=3.98626,	Tp=7929.57872,	T=5267.44531)	
2	-70798.30334029923	(N_Anc=102726.06352,	N_1F=59603.33246,	r_2=0.001,	nu_2F_gen=3.98626,	Tp=7929.57872,	T=5267.44531)	
2	-70800.28166771808	(N_Anc=102726.06352,	N_1F=59543.75892,	r_2=0.001,	nu_2F_gen=3.99025,	Tp=7929.57872,	T=5267.44531)	
2	-70799.7054130784	(N_Anc=102726.06352,	N_1F=59543.75892,	r_2=0.001,	nu_2F_gen=3.98626,	Tp=7937.51227,	T=5267.44531)	
2	-70794.60901122136	(N_Anc=102726.06352,	N_1F=59543.75892,	r_2=0.001,	nu_2F_gen=3.98626,	Tp=7929.57872,	T=5272.71539)	
2	-70799.46985098101	(N_Anc=102726.06352,	N_1F=59543.75892,	r_2=0.001,	nu_2F_gen=3.98626,	Tp=7929.57872,	T=5267.44531)	
2	-70799.00368431694	(N_Anc=102828.84096,	N_1F=59543.75892,	r_2=0.001,	nu_2F_gen=3.98626,	Tp=7929.57872,	T=5267.44531)	
2	-70798.30334029923	(N_Anc=102726.06352,	N_1F=59603.33246,	r_2=0.001,	nu_2F_gen=3.98626,	Tp=7929.57872,	T=5267.44531)	
2	-70800.28166771808	(N_Anc=102726.06352,	N_1F=59543.75892,	r_2=0.001,	nu_2F_gen=3.99025,	Tp=7929.57872,	T=5267.44531)	
2	-70799.7054130784	(N_Anc=102726.06352,	N_1F=59543.75892,	r_2=0.001,	nu_2F_gen=3.98626,	Tp=7937.51227,	T=5267.44531)	
2	-70794.60901122136	(N_Anc=102726.06352,	N_1F=59543.75892,	r_2=0.001,	nu_2F_gen=3.98626,	Tp=7929.57872,	T=5272.71539)	
2	-70799.46985098103	(N_Anc=102726.06352,	N_1F=59543.75892,	r_2=0.001,	nu_2F_gen=3.98626,	Tp=7929.57872,	T=5267.44531)	
2	-70799.00368431694	(N_Anc=102828.84096,	N_1F=59543.75892,	r_2=0.001,	nu_2F_gen=3.98626,	Tp=7929.57872,	T=5267.44531)	
2	-70798.30334029923	(N_Anc=102726.06352,	N_1F=59603.33246,	r_2=0.001,	nu_2F_gen=3.98626,	Tp=7929.57872,	T=5267.44531)	
2	-70800.28166771808	(N_Anc=102726.06352,	N_1F=59543.75892,	r_2=0.001,	nu_2F_gen=3.99025,	Tp=7929.57872,	T=5267.44531)	
2	-70799.7054130784	(N_Anc=102726.06352,	N_1F=59543.75892,	r_2=0.001,	nu_2F_gen=3.98626,	Tp=7937.51227,	T=5267.44531)	
2	-70794.60901122136	(N_Anc=102726.06352,	N_1F=59543.75892,	r_2=0.001,	nu_2F_gen=3.98626,	Tp=7929.57872,	T=5272.71539)	
2	-70799.46985098101	(N_Anc=102726.06352,	N_1F=59543.75892,	r_2=0.001,	nu_2F_gen=3.98626,	Tp=7929.57872,	T=5267.44531)	
2	-70799.00368431694	(N_Anc=102828.84096,	N_1F=59543.75892,	r_2=0.001,	nu_2F_gen=3.98626,	Tp=7929.57872,	T=5267.44531)	
2	-70798.30334029923	(N_Anc=102726.06352,	N_1F=59603.33246,	r_2=0.001,	nu_2F_gen=3.98626,	Tp=7929.57872,	T=5267.44531)	
2	-70800.28166771808	(N_Anc=102726.06352,	N_1F=59543.75892,	r_2=0.001,	nu_2F_gen=3.99025,	Tp=7929.57872,	T=5267.44531)	
2	-70799.7054130784	(N_Anc=102726.06352,	N_1F=59543.75892,	r_2=0.001,	nu_2F_gen=3.98626,	Tp=7937.51227,	T=5267.44531)	
2	-70794.60901122136	(N_Anc=102726.06352,	N_1F=59543.75892,	r_2=0.001,	nu_2F_gen=3.98626,	Tp=7929.57872,	T=5272.71539)	
2	-70799.46985098103	(N_Anc=102726.06352,	N_1F=59543.75892,	r_2=0.001,	nu_2F_gen=3.98626,	Tp=7929.57872,	T=5267.44531)	
2	-70799.00368431694	(N_Anc=102828.84096,	N_1F=59543.75892,	r_2=0.001,	nu_2F_gen=3.98626,	Tp=7929.57872,	T=5267.44531)	
2	-70798.30334029923	(N_Anc=102726.06352,	N_1F=59603.33246,	r_2=0.001,	nu_2F_gen=3.98626,	Tp=7929.57872,	T=5267.44531)	
2	-70800.28166771808	(N_Anc=102726.06352,	N_1F=59543.75892,	r_2=0.001,	nu_2F_gen=3.99025,	Tp=7929.57872,	T=5267.44531)	
2	-70799.7054130784	(N_Anc=102726.06352,	N_1F=59543.75892,	r_2=0.001,	nu_2F_gen=3.98626,	Tp=7937.51227,	T=5267.44531)	
2	-70794.60901122136	(N_Anc=102726.06352,	N_1F=59543.75892,	r_2=0.001,	nu_2F_gen=3.98626,	Tp=7929.57872,	T=5272.71539)	
2	-70799.46985098101	(N_Anc=102726.06352,	N_1F=59543.75892,	r_2=0.001,	nu_2F_gen=3.98626,	Tp=7929.57872,	T=5267.44531)	
2	-70799.00368431694	(N_Anc=102828.84096,	N_1F=59543.75892,	r_2=0.001,	nu_2F_gen=3.98626,	Tp=7929.57872,	T=5267.44531)	
2	-70798.30334029923	(N_Anc=102726.06352,	N_1F=59603.33246,	r_2=0.001,	nu_2F_gen=3.98626,	Tp=7929.57872,	T=5267.44531)	
2	-70800.28166771808	(N_Anc=102726.06352,	N_1F=59543.75892,	r_2=0.001,	nu_2F_gen=3.99025,	Tp=7929.57872,	T=5267.44531)	
2	-70799.7054130784	(N_Anc=102726.06352,	N_1F=59543.75892,	r_2=0.001,	nu_2F_gen=3.98626,	Tp=7937.51227,	T=5267.44531)	
2	-70794.60901122136	(N_Anc=102726.06352,	N_1F=59543.75892,	r_2=0.001,	nu_2F_gen=3.98626,	Tp=7929.57872,	T=5272.71539)	
2	-70799.46985098103	(N_Anc=102726.06352,	N_1F=59543.75892,	r_2=0.001,	nu_2F_gen=3.98626,	Tp=7929.57872,	T=5267.44531)	
2	-70799.00368431694	(N_Anc=102828.84096,	N_1F=59543.75892,	r_2=0.001,	nu_2F_gen=3.98626,	Tp=7929.57872,	T=5267.44531)	
2	-70798.30334029923	(N_Anc=102726.06352,	N_1F=59603.33246,	r_2=0.001,	nu_2F_gen=3.98626,	Tp=7929.57872,	T=5267.44531)	
2	-70800.28166771808	(N_Anc=102726.06352,	N_1F=59543.75892,	r_2=0.001,	nu_2F_gen=3.99025,	Tp=7929.57872,	T=5267.44531)	
2	-70799.7054130784	(N_Anc=102726.06352,	N_1F=59543.75892,	r_2=0.001,	nu_2F_gen=3.98626,	Tp=7937.51227,	T=5267.44531)	
2	-70794.60901122136	(N_Anc=102726.06352,	N_1F=59543.75892,	r_2=0.001,	nu_2F_gen=3.98626,	Tp=7929.57872,	T=5272.71539)	
2	-70799.46985098101	(N_Anc=102726.06352,	N_1F=59543.75892,	r_2=0.001,	nu_2F_gen=3.98626,	Tp=7929.57872,	T=5267.44531)	
2	-70799.00368431694	(N_Anc=102828.84096,	N_1F=59543.75892,	r_2=0.001,	nu_2F_gen=3.98626,	Tp=7929.57872,	T=5267.44531)	
2	-70798.30334029923	(N_Anc=102726.06352,	N_1F=59603.33246,	r_2=0.001,	nu_2F_gen=3.98626,	Tp=7929.57872,	T=5267.44531)	
2	-70800.28166771808	(N_Anc=102726.06352,	N_1F=59543.75892,	r_2=0.001,	nu_2F_gen=3.99025,	Tp=7929.57872,	T=5267.44531)	
2	-70799.7054130784	(N_Anc=102726.06352,	N_1F=59543.75892,	r_2=0.001,	nu_2F_gen=3.98626,	Tp=7937.51227,	T=5267.44531)	
2	-70794.60901122136	(N_Anc=102726.06352,	N_1F=59543.75892,	r_2=0.001,	nu_2F_gen=3.98626,	Tp=7929.57872,	T=5272.71539)	
2	-70799.46985098103	(N_Anc=102726.06352,	N_1F=59543.75892,	r_2=0.001,	nu_2F_gen=3.98626,	Tp=7929.57872,	T=5267.44531)	
2	-70799.00368431694	(N_Anc=102828.84096,	N_1F=59543.75892,	r_2=0.001,	nu_2F_gen=3.98626,	Tp=7929.57872,	T=5267.44531)	
2	-70798.30334029923	(N_Anc=102726.06352,	N_1F=59603.33246,	r_2=0.001,	nu_2F_gen=3.98626,	Tp=7929.57872,	T=5267.44531)	
2	-70800.28166771808	(N_Anc=102726.06352,	N_1F=59543.75892,	r_2=0.001,	nu_2F_gen=3.99025,	Tp=7929.57872,	T=5267.44531)	
2	-70799.7054130784	(N_Anc=102726.06352,	N_1F=59543.75892,	r_2=0.001,	nu_2F_gen=3.98626,	Tp=7937.51227,	T=5267.44531)	
2	-70794.60901122136	(N_Anc=102726.06352,	N_1F=59543.75892,	r_2=0.001,	nu_2F_gen=3.98626,	Tp=7929.57872,	T=5272.71539)	
2	-70799.46985098101	(N_Anc=102726.06352,	N_1F=59543.75892,	r_2=0.001,	nu_2F_gen=3.98626,	Tp=7929.57872,	T=5267.44531)	
2	-70799.00368431694	(N_Anc=102828.84096,	N_1F=59543.75892,	r_2=0.001,	nu_2F_gen=3.98626,	Tp=7929.57872,	T=5267.44531)	
2	-70798.30334029923	(N_Anc=102726.06352,	N_1F=59603.33246,	r_2=0.001,	nu_2F_gen=3.98626,	Tp=7929.57872,	T=5267.44531)	
2	-70800.28166771808	(N_Anc=102726.06352,	N_1F=59543.75892,	r_2=0.001,	nu_2F_gen=3.99025,	Tp=7929.57872,	T=5267.44531)	
2	-70799.7054130784	(N_Anc=102726.06352,	N_1F=59543.75892,	r_2=0.001,	nu_2F_gen=3.98626,	Tp=7937.51227,	T=5267.44531)	
2	-70794.60901122136	(N_Anc=102726.06352,	N_1F=59543.75892,	r_2=0.001,	nu_2F_gen=3.98626,	Tp=7929.57872,	T=5272.71539)	
2	-70799.46985098103	(N_Anc=102726.06352,	N_1F=59543.75892,	r_2=0.001,	nu_2F_gen=3.98626,	Tp=7929.57872,	T=5267.44531)	
2	-70799.00368431694	(N_Anc=102828.84096,	N_1F=59543.75892,	r_2=0.001,	nu_2F_gen=3.98626,	Tp=7929.57872,	T=5267.44531)	
2	-70798.30334029923	(N_Anc=102726.06352,	N_1F=59603.33246,	r_2=0.001,	nu_2F_gen=3.98626,	Tp=7929.57872,	T=5267.44531)	
2	-70800.28166771808	(N_Anc=102726.06352,	N_1F=59543.75892,	r_2=0.001,	nu_2F_gen=3.99025,	Tp=7929.57872,	T=5267.44531)	
2	-70799.7054130784	(N_Anc=102726.06352,	N_1F=59543.75892,	r_2=0.001,	nu_2F_gen=3.98626,	Tp=7937.51227,	T=5267.44531)	
2	-70794.60901122136	(N_Anc=102726.06352,	N_1F=59543.75892,	r_2=0.001,	nu_2F_gen=3.98626,	Tp=7929.57872,	T=5272.71539)	
2	-70799.46985098101	(N_Anc=102726.06352,	N_1F=59543.75892,	r_2=0.001,	nu_2F_gen=3.98626,	Tp=7929.57872,	T=5267.44531)	
2	-70799.00368431694	(N_Anc=102828.84096,	N_1F=59543.75892,	r_2=0.001,	nu_2F_gen=3.98626,	Tp=7929.57872,	T=5267.44531)	
2	-70798.30334029923	(N_Anc=102726.06352,	N_1F=59603.33246,	r_2=0.001,	nu_2F_gen=3.98626,	Tp=7929.57872,	T=5267.44531)	
2	-70800.28166771808	(N_Anc=102726.06352,	N_1F=59543.75892,	r_2=0.001,	nu_2F_gen=3.99025,	Tp=7929.57872,	T=5267.44531)	
2	-70799.7054130784	(N_Anc=102726.06352,	N_1F=59543.75892,	r_2=0.001,	nu_2F_gen=3.98626,	Tp=7937.51227,	T=5267.44531)	
2	-70794.60901122136	(N_Anc=102726.06352,	N_1F=59543.75892,	r_2=0.001,	nu_2F_gen=3.98626,	Tp=7929.57872,	T=5272.71539)	
2	-76818.85386414942	(N_Anc=102726.06352,	N_1F=59543.75892,	r_2=0.0003,	nu_2F_gen=3.98626,	Tp=7929.57872,	T=5267.44531)	
2	-73935.61471779611	(N_Anc=102726.06352,	N_1F=59543.75892,	r_2=0.00067,	nu_2F_gen=3.98626,	Tp=7929.57872,	T=5267.44531)	
2	-71840.95801154389	(N_Anc=102726.06352,	N_1F=59543.75892,	r_2=0.00086,	nu_2F_gen=3.98626,	Tp=7929.57872,	T=5267.44531)	
2	-71136.55729791759	(N_Anc=102726.06352,	N_1F=59543.75892,	r_2=0.00094,	nu_2F_gen=3.98626,	Tp=7929.57872,	T=5267.44531)	
2	-70799.46985098101	(N_Anc=102726.06352,	N_1F=59543.75892,	r_2=0.001,	nu_2F_gen=3.98626,	Tp=7929.57872,	T=5267.44531)	
--Finish local optimization optimize_log--
Result:
   status: 0
 success: True
 message: GLOBAL OPTIMIZATION: MAXIMUM NUMBER OF GENERATIONS ACHIEVED; LOCAL OPTIMIZATION: 
       x: [1.02726064e+05 5.95437589e+04 1.00000000e-03 3.98626453e+00
 7.92957872e+03 5.27271539e+03]
       y: -70794.60901122136
  n_eval: 440
  n_iter: 21

